Command line invocation:
    /Applications/Xcode.app/Contents/Developer/usr/bin/xcodebuild -scheme OffshoreBudgeting -project Offshore.xcodeproj -sdk iphonesimulator26.0 -configuration Debug -destination "generic/platform=iOS Simulator" build

Build settings from command line:
    SDKROOT = iphonesimulator26.0

Resolve Package Graph


Resolved source packages:
  MijickCalendarView: https://github.com/Mijick/CalendarView.git @ 1.0.0

ComputePackagePrebuildTargetDependencyGraph

Prepare packages

CreateBuildRequest

SendProjectDescription

CreateBuildOperation

ComputeTargetDependencyGraph
note: Building targets in dependency order
note: Target dependency graph (3 targets)
    Target 'OffshoreBudgeting' in project 'Offshore'
        ➜ Explicit dependency on target 'MijickCalendarView' in project 'MijickCalendarView'
    Target 'MijickCalendarView' in project 'MijickCalendarView'
        ➜ Explicit dependency on target 'MijickCalendarView' in project 'MijickCalendarView'
    Target 'MijickCalendarView' in project 'MijickCalendarView' (no dependencies)

GatherProvisioningInputs

CreateBuildDescription

ExecuteExternalTool /Applications/Xcode.app/Contents/Developer/Toolchains/XcodeDefault.xctoolchain/usr/bin/clang -v -E -dM -isysroot /Applications/Xcode.app/Contents/Developer/Platforms/iPhoneSimulator.platform/Developer/SDKs/iPhoneSimulator26.0.sdk -x c -c /dev/null

ExecuteExternalTool /Applications/Xcode.app/Contents/Developer/Toolchains/XcodeDefault.xctoolchain/usr/bin/swiftc --version

ExecuteExternalTool /Applications/Xcode.app/Contents/Developer/usr/bin/momc --dry-run --action generate --swift-version 5.0 --sdkroot /Applications/Xcode.app/Contents/Developer/Platforms/iPhoneSimulator.platform/Developer/SDKs/iPhoneSimulator26.0.sdk --iphonesimulator-deployment-target 15.6 --module Offshore /Users/Michael/Xcode iOS/SoFar/OffshoreBudgeting/OffshoreBudgetingModel.xcdatamodeld /Users/Michael/Library/Developer/Xcode/DerivedData/Offshore-efisnkldzswbwlevfgccqdgdgyra/Build/Intermediates.noindex/Offshore.build/Debug-iphonesimulator/OffshoreBudgeting.build/DerivedSources/CoreDataGenerated/OffshoreBudgetingModel

ExecuteExternalTool /Applications/Xcode.app/Contents/Developer/usr/bin/actool --print-asset-tag-combinations --output-format xml1 /Users/Michael/Xcode iOS/SoFar/OffshoreBudgeting/AppIcon.icon /Users/Michael/Xcode iOS/SoFar/OffshoreBudgeting/Assets.xcassets

ExecuteExternalTool /Applications/Xcode.app/Contents/Developer/usr/bin/actool --version --output-format xml1

ExecuteExternalTool /Applications/Xcode.app/Contents/Developer/Toolchains/XcodeDefault.xctoolchain/usr/bin/ld -version_details

Build description signature: 5d1f65f1044b97c9307200c3ef8713f2
Build description path: /Users/Michael/Library/Developer/Xcode/DerivedData/Offshore-efisnkldzswbwlevfgccqdgdgyra/Build/Intermediates.noindex/XCBuildData/5d1f65f1044b97c9307200c3ef8713f2.xcbuilddata
ClangStatCache /Applications/Xcode.app/Contents/Developer/Toolchains/XcodeDefault.xctoolchain/usr/bin/clang-stat-cache /Applications/Xcode.app/Contents/Developer/Platforms/iPhoneSimulator.platform/Developer/SDKs/iPhoneSimulator26.0.sdk /Users/Michael/Library/Developer/Xcode/DerivedData/SDKStatCaches.noindex/iphonesimulator26.0-23A339-26257891a6c027eb51374368541b8346.sdkstatcache
    cd /Users/Michael/Xcode\ iOS/SoFar/Offshore.xcodeproj
    /Applications/Xcode.app/Contents/Developer/Toolchains/XcodeDefault.xctoolchain/usr/bin/clang-stat-cache /Applications/Xcode.app/Contents/Developer/Platforms/iPhoneSimulator.platform/Developer/SDKs/iPhoneSimulator26.0.sdk -o /Users/Michael/Library/Developer/Xcode/DerivedData/SDKStatCaches.noindex/iphonesimulator26.0-23A339-26257891a6c027eb51374368541b8346.sdkstatcache

ProcessProductPackaging /Users/Michael/Xcode\ iOS/SoFar/OffshoreBudgeting/OffshoreBudgeting.entitlements /Users/Michael/Library/Developer/Xcode/DerivedData/Offshore-efisnkldzswbwlevfgccqdgdgyra/Build/Intermediates.noindex/Offshore.build/Debug-iphonesimulator/OffshoreBudgeting.build/Offshore.app.xcent (in target 'OffshoreBudgeting' from project 'Offshore')
    cd /Users/Michael/Xcode\ iOS/SoFar
    
    Entitlements:
    
    {
}
    
    builtin-productPackagingUtility /Users/Michael/Xcode\ iOS/SoFar/OffshoreBudgeting/OffshoreBudgeting.entitlements -entitlements -format xml -o /Users/Michael/Library/Developer/Xcode/DerivedData/Offshore-efisnkldzswbwlevfgccqdgdgyra/Build/Intermediates.noindex/Offshore.build/Debug-iphonesimulator/OffshoreBudgeting.build/Offshore.app.xcent

ProcessProductPackaging /Users/Michael/Xcode\ iOS/SoFar/OffshoreBudgeting/OffshoreBudgeting.entitlements /Users/Michael/Library/Developer/Xcode/DerivedData/Offshore-efisnkldzswbwlevfgccqdgdgyra/Build/Intermediates.noindex/Offshore.build/Debug-iphonesimulator/OffshoreBudgeting.build/Offshore.app-Simulated.xcent (in target 'OffshoreBudgeting' from project 'Offshore')
    cd /Users/Michael/Xcode\ iOS/SoFar
    
    Entitlements:
    
    {
    "application-identifier" = "T6DP3686XU.com.mbrown.offshore";
    "aps-environment" = development;
    "com.apple.developer.aps-environment" = development;
}
    
    builtin-productPackagingUtility /Users/Michael/Xcode\ iOS/SoFar/OffshoreBudgeting/OffshoreBudgeting.entitlements -entitlements -format xml -o /Users/Michael/Library/Developer/Xcode/DerivedData/Offshore-efisnkldzswbwlevfgccqdgdgyra/Build/Intermediates.noindex/Offshore.build/Debug-iphonesimulator/OffshoreBudgeting.build/Offshore.app-Simulated.xcent

ProcessProductPackagingDER /Users/Michael/Library/Developer/Xcode/DerivedData/Offshore-efisnkldzswbwlevfgccqdgdgyra/Build/Intermediates.noindex/Offshore.build/Debug-iphonesimulator/OffshoreBudgeting.build/Offshore.app.xcent /Users/Michael/Library/Developer/Xcode/DerivedData/Offshore-efisnkldzswbwlevfgccqdgdgyra/Build/Intermediates.noindex/Offshore.build/Debug-iphonesimulator/OffshoreBudgeting.build/Offshore.app.xcent.der (in target 'OffshoreBudgeting' from project 'Offshore')
    cd /Users/Michael/Xcode\ iOS/SoFar
    /usr/bin/derq query -f xml -i /Users/Michael/Library/Developer/Xcode/DerivedData/Offshore-efisnkldzswbwlevfgccqdgdgyra/Build/Intermediates.noindex/Offshore.build/Debug-iphonesimulator/OffshoreBudgeting.build/Offshore.app.xcent -o /Users/Michael/Library/Developer/Xcode/DerivedData/Offshore-efisnkldzswbwlevfgccqdgdgyra/Build/Intermediates.noindex/Offshore.build/Debug-iphonesimulator/OffshoreBudgeting.build/Offshore.app.xcent.der --raw

ProcessProductPackagingDER /Users/Michael/Library/Developer/Xcode/DerivedData/Offshore-efisnkldzswbwlevfgccqdgdgyra/Build/Intermediates.noindex/Offshore.build/Debug-iphonesimulator/OffshoreBudgeting.build/Offshore.app-Simulated.xcent /Users/Michael/Library/Developer/Xcode/DerivedData/Offshore-efisnkldzswbwlevfgccqdgdgyra/Build/Intermediates.noindex/Offshore.build/Debug-iphonesimulator/OffshoreBudgeting.build/Offshore.app-Simulated.xcent.der (in target 'OffshoreBudgeting' from project 'Offshore')
    cd /Users/Michael/Xcode\ iOS/SoFar
    /usr/bin/derq query -f xml -i /Users/Michael/Library/Developer/Xcode/DerivedData/Offshore-efisnkldzswbwlevfgccqdgdgyra/Build/Intermediates.noindex/Offshore.build/Debug-iphonesimulator/OffshoreBudgeting.build/Offshore.app-Simulated.xcent -o /Users/Michael/Library/Developer/Xcode/DerivedData/Offshore-efisnkldzswbwlevfgccqdgdgyra/Build/Intermediates.noindex/Offshore.build/Debug-iphonesimulator/OffshoreBudgeting.build/Offshore.app-Simulated.xcent.der --raw

SwiftDriver OffshoreBudgeting normal x86_64 com.apple.xcode.tools.swift.compiler (in target 'OffshoreBudgeting' from project 'Offshore')
    cd /Users/Michael/Xcode\ iOS/SoFar
    builtin-SwiftDriver -- /Applications/Xcode.app/Contents/Developer/Toolchains/XcodeDefault.xctoolchain/usr/bin/swiftc -module-name Offshore -Onone -enforce-exclusivity\=checked @/Users/Michael/Library/Developer/Xcode/DerivedData/Offshore-efisnkldzswbwlevfgccqdgdgyra/Build/Intermediates.noindex/Offshore.build/Debug-iphonesimulator/OffshoreBudgeting.build/Objects-normal/x86_64/Offshore.SwiftFileList -DDEBUG -enable-bare-slash-regex -enable-experimental-feature DebugDescriptionMacro -sdk /Applications/Xcode.app/Contents/Developer/Platforms/iPhoneSimulator.platform/Developer/SDKs/iPhoneSimulator26.0.sdk -target x86_64-apple-ios15.6-simulator -g -module-cache-path /Users/Michael/Library/Developer/Xcode/DerivedData/ModuleCache.noindex -Xfrontend -serialize-debugging-options -profile-coverage-mapping -profile-generate -enable-testing -index-store-path /Users/Michael/Library/Developer/Xcode/DerivedData/Offshore-efisnkldzswbwlevfgccqdgdgyra/Index.noindex/DataStore -Xcc -D_LIBCPP_HARDENING_MODE\=_LIBCPP_HARDENING_MODE_DEBUG -swift-version 5 -I /Users/Michael/Library/Developer/Xcode/DerivedData/Offshore-efisnkldzswbwlevfgccqdgdgyra/Build/Products/Debug-iphonesimulator -F /Users/Michael/Library/Developer/Xcode/DerivedData/Offshore-efisnkldzswbwlevfgccqdgdgyra/Build/Products/Debug-iphonesimulator/PackageFrameworks -F /Users/Michael/Library/Developer/Xcode/DerivedData/Offshore-efisnkldzswbwlevfgccqdgdgyra/Build/Products/Debug-iphonesimulator -emit-localized-strings -emit-localized-strings-path /Users/Michael/Library/Developer/Xcode/DerivedData/Offshore-efisnkldzswbwlevfgccqdgdgyra/Build/Intermediates.noindex/Offshore.build/Debug-iphonesimulator/OffshoreBudgeting.build/Objects-normal/x86_64 -c -j16 -enable-batch-mode -incremental -Xcc -ivfsstatcache -Xcc /Users/Michael/Library/Developer/Xcode/DerivedData/SDKStatCaches.noindex/iphonesimulator26.0-23A339-26257891a6c027eb51374368541b8346.sdkstatcache -output-file-map /Users/Michael/Library/Developer/Xcode/DerivedData/Offshore-efisnkldzswbwlevfgccqdgdgyra/Build/Intermediates.noindex/Offshore.build/Debug-iphonesimulator/OffshoreBudgeting.build/Objects-normal/x86_64/OffshoreBudgeting-OutputFileMap.json -use-frontend-parseable-output -save-temps -no-color-diagnostics -explicit-module-build -module-cache-path /Users/Michael/Library/Developer/Xcode/DerivedData/Offshore-efisnkldzswbwlevfgccqdgdgyra/Build/Intermediates.noindex/SwiftExplicitPrecompiledModules -clang-scanner-module-cache-path /Users/Michael/Library/Developer/Xcode/DerivedData/ModuleCache.noindex -sdk-module-cache-path /Users/Michael/Library/Developer/Xcode/DerivedData/ModuleCache.noindex -serialize-diagnostics -emit-dependencies -emit-module -emit-module-path /Users/Michael/Library/Developer/Xcode/DerivedData/Offshore-efisnkldzswbwlevfgccqdgdgyra/Build/Intermediates.noindex/Offshore.build/Debug-iphonesimulator/OffshoreBudgeting.build/Objects-normal/x86_64/Offshore.swiftmodule -validate-clang-modules-once -clang-build-session-file /Users/Michael/Library/Developer/Xcode/DerivedData/ModuleCache.noindex/Session.modulevalidation -Xcc -I/Users/Michael/Library/Developer/Xcode/DerivedData/Offshore-efisnkldzswbwlevfgccqdgdgyra/Build/Intermediates.noindex/Offshore.build/Debug-iphonesimulator/OffshoreBudgeting.build/swift-overrides.hmap -emit-const-values -Xfrontend -const-gather-protocols-file -Xfrontend /Users/Michael/Library/Developer/Xcode/DerivedData/Offshore-efisnkldzswbwlevfgccqdgdgyra/Build/Intermediates.noindex/Offshore.build/Debug-iphonesimulator/OffshoreBudgeting.build/Objects-normal/x86_64/OffshoreBudgeting_const_extract_protocols.json -Xcc -iquote -Xcc /Users/Michael/Library/Developer/Xcode/DerivedData/Offshore-efisnkldzswbwlevfgccqdgdgyra/Build/Intermediates.noindex/Offshore.build/Debug-iphonesimulator/OffshoreBudgeting.build/Offshore-generated-files.hmap -Xcc -I/Users/Michael/Library/Developer/Xcode/DerivedData/Offshore-efisnkldzswbwlevfgccqdgdgyra/Build/Intermediates.noindex/Offshore.build/Debug-iphonesimulator/OffshoreBudgeting.build/Offshore-own-target-headers.hmap -Xcc -I/Users/Michael/Library/Developer/Xcode/DerivedData/Offshore-efisnkldzswbwlevfgccqdgdgyra/Build/Intermediates.noindex/Offshore.build/Debug-iphonesimulator/OffshoreBudgeting.build/Offshore-all-non-framework-target-headers.hmap -Xcc -ivfsoverlay -Xcc /Users/Michael/Library/Developer/Xcode/DerivedData/Offshore-efisnkldzswbwlevfgccqdgdgyra/Build/Intermediates.noindex/Offshore.build/Debug-iphonesimulator/Offshore-18b78ca503141e196a11e3deb683abb3-VFS-iphonesimulator/all-product-headers.yaml -Xcc -iquote -Xcc /Users/Michael/Library/Developer/Xcode/DerivedData/Offshore-efisnkldzswbwlevfgccqdgdgyra/Build/Intermediates.noindex/Offshore.build/Debug-iphonesimulator/OffshoreBudgeting.build/Offshore-project-headers.hmap -Xcc -I/Users/Michael/Library/Developer/Xcode/DerivedData/Offshore-efisnkldzswbwlevfgccqdgdgyra/Build/Products/Debug-iphonesimulator/include -Xcc -I/Users/Michael/Library/Developer/Xcode/DerivedData/Offshore-efisnkldzswbwlevfgccqdgdgyra/Build/Intermediates.noindex/Offshore.build/Debug-iphonesimulator/OffshoreBudgeting.build/DerivedSources-normal/x86_64 -Xcc -I/Users/Michael/Library/Developer/Xcode/DerivedData/Offshore-efisnkldzswbwlevfgccqdgdgyra/Build/Intermediates.noindex/Offshore.build/Debug-iphonesimulator/OffshoreBudgeting.build/DerivedSources/x86_64 -Xcc -I/Users/Michael/Library/Developer/Xcode/DerivedData/Offshore-efisnkldzswbwlevfgccqdgdgyra/Build/Intermediates.noindex/Offshore.build/Debug-iphonesimulator/OffshoreBudgeting.build/DerivedSources -Xcc -DDEBUG\=1 -emit-objc-header -emit-objc-header-path /Users/Michael/Library/Developer/Xcode/DerivedData/Offshore-efisnkldzswbwlevfgccqdgdgyra/Build/Intermediates.noindex/Offshore.build/Debug-iphonesimulator/OffshoreBudgeting.build/Objects-normal/x86_64/Offshore-Swift.h -working-directory /Users/Michael/Xcode\ iOS/SoFar -experimental-emit-module-separately -disable-cmo

SwiftDriver OffshoreBudgeting normal arm64 com.apple.xcode.tools.swift.compiler (in target 'OffshoreBudgeting' from project 'Offshore')
    cd /Users/Michael/Xcode\ iOS/SoFar
    builtin-SwiftDriver -- /Applications/Xcode.app/Contents/Developer/Toolchains/XcodeDefault.xctoolchain/usr/bin/swiftc -module-name Offshore -Onone -enforce-exclusivity\=checked @/Users/Michael/Library/Developer/Xcode/DerivedData/Offshore-efisnkldzswbwlevfgccqdgdgyra/Build/Intermediates.noindex/Offshore.build/Debug-iphonesimulator/OffshoreBudgeting.build/Objects-normal/arm64/Offshore.SwiftFileList -DDEBUG -enable-bare-slash-regex -enable-experimental-feature DebugDescriptionMacro -sdk /Applications/Xcode.app/Contents/Developer/Platforms/iPhoneSimulator.platform/Developer/SDKs/iPhoneSimulator26.0.sdk -target arm64-apple-ios15.6-simulator -g -module-cache-path /Users/Michael/Library/Developer/Xcode/DerivedData/ModuleCache.noindex -Xfrontend -serialize-debugging-options -profile-coverage-mapping -profile-generate -enable-testing -index-store-path /Users/Michael/Library/Developer/Xcode/DerivedData/Offshore-efisnkldzswbwlevfgccqdgdgyra/Index.noindex/DataStore -Xcc -D_LIBCPP_HARDENING_MODE\=_LIBCPP_HARDENING_MODE_DEBUG -swift-version 5 -I /Users/Michael/Library/Developer/Xcode/DerivedData/Offshore-efisnkldzswbwlevfgccqdgdgyra/Build/Products/Debug-iphonesimulator -F /Users/Michael/Library/Developer/Xcode/DerivedData/Offshore-efisnkldzswbwlevfgccqdgdgyra/Build/Products/Debug-iphonesimulator/PackageFrameworks -F /Users/Michael/Library/Developer/Xcode/DerivedData/Offshore-efisnkldzswbwlevfgccqdgdgyra/Build/Products/Debug-iphonesimulator -emit-localized-strings -emit-localized-strings-path /Users/Michael/Library/Developer/Xcode/DerivedData/Offshore-efisnkldzswbwlevfgccqdgdgyra/Build/Intermediates.noindex/Offshore.build/Debug-iphonesimulator/OffshoreBudgeting.build/Objects-normal/arm64 -c -j16 -enable-batch-mode -incremental -Xcc -ivfsstatcache -Xcc /Users/Michael/Library/Developer/Xcode/DerivedData/SDKStatCaches.noindex/iphonesimulator26.0-23A339-26257891a6c027eb51374368541b8346.sdkstatcache -output-file-map /Users/Michael/Library/Developer/Xcode/DerivedData/Offshore-efisnkldzswbwlevfgccqdgdgyra/Build/Intermediates.noindex/Offshore.build/Debug-iphonesimulator/OffshoreBudgeting.build/Objects-normal/arm64/OffshoreBudgeting-OutputFileMap.json -use-frontend-parseable-output -save-temps -no-color-diagnostics -explicit-module-build -module-cache-path /Users/Michael/Library/Developer/Xcode/DerivedData/Offshore-efisnkldzswbwlevfgccqdgdgyra/Build/Intermediates.noindex/SwiftExplicitPrecompiledModules -clang-scanner-module-cache-path /Users/Michael/Library/Developer/Xcode/DerivedData/ModuleCache.noindex -sdk-module-cache-path /Users/Michael/Library/Developer/Xcode/DerivedData/ModuleCache.noindex -serialize-diagnostics -emit-dependencies -emit-module -emit-module-path /Users/Michael/Library/Developer/Xcode/DerivedData/Offshore-efisnkldzswbwlevfgccqdgdgyra/Build/Intermediates.noindex/Offshore.build/Debug-iphonesimulator/OffshoreBudgeting.build/Objects-normal/arm64/Offshore.swiftmodule -validate-clang-modules-once -clang-build-session-file /Users/Michael/Library/Developer/Xcode/DerivedData/ModuleCache.noindex/Session.modulevalidation -Xcc -I/Users/Michael/Library/Developer/Xcode/DerivedData/Offshore-efisnkldzswbwlevfgccqdgdgyra/Build/Intermediates.noindex/Offshore.build/Debug-iphonesimulator/OffshoreBudgeting.build/swift-overrides.hmap -emit-const-values -Xfrontend -const-gather-protocols-file -Xfrontend /Users/Michael/Library/Developer/Xcode/DerivedData/Offshore-efisnkldzswbwlevfgccqdgdgyra/Build/Intermediates.noindex/Offshore.build/Debug-iphonesimulator/OffshoreBudgeting.build/Objects-normal/arm64/OffshoreBudgeting_const_extract_protocols.json -Xcc -iquote -Xcc /Users/Michael/Library/Developer/Xcode/DerivedData/Offshore-efisnkldzswbwlevfgccqdgdgyra/Build/Intermediates.noindex/Offshore.build/Debug-iphonesimulator/OffshoreBudgeting.build/Offshore-generated-files.hmap -Xcc -I/Users/Michael/Library/Developer/Xcode/DerivedData/Offshore-efisnkldzswbwlevfgccqdgdgyra/Build/Intermediates.noindex/Offshore.build/Debug-iphonesimulator/OffshoreBudgeting.build/Offshore-own-target-headers.hmap -Xcc -I/Users/Michael/Library/Developer/Xcode/DerivedData/Offshore-efisnkldzswbwlevfgccqdgdgyra/Build/Intermediates.noindex/Offshore.build/Debug-iphonesimulator/OffshoreBudgeting.build/Offshore-all-non-framework-target-headers.hmap -Xcc -ivfsoverlay -Xcc /Users/Michael/Library/Developer/Xcode/DerivedData/Offshore-efisnkldzswbwlevfgccqdgdgyra/Build/Intermediates.noindex/Offshore.build/Debug-iphonesimulator/Offshore-18b78ca503141e196a11e3deb683abb3-VFS-iphonesimulator/all-product-headers.yaml -Xcc -iquote -Xcc /Users/Michael/Library/Developer/Xcode/DerivedData/Offshore-efisnkldzswbwlevfgccqdgdgyra/Build/Intermediates.noindex/Offshore.build/Debug-iphonesimulator/OffshoreBudgeting.build/Offshore-project-headers.hmap -Xcc -I/Users/Michael/Library/Developer/Xcode/DerivedData/Offshore-efisnkldzswbwlevfgccqdgdgyra/Build/Products/Debug-iphonesimulator/include -Xcc -I/Users/Michael/Library/Developer/Xcode/DerivedData/Offshore-efisnkldzswbwlevfgccqdgdgyra/Build/Intermediates.noindex/Offshore.build/Debug-iphonesimulator/OffshoreBudgeting.build/DerivedSources-normal/arm64 -Xcc -I/Users/Michael/Library/Developer/Xcode/DerivedData/Offshore-efisnkldzswbwlevfgccqdgdgyra/Build/Intermediates.noindex/Offshore.build/Debug-iphonesimulator/OffshoreBudgeting.build/DerivedSources/arm64 -Xcc -I/Users/Michael/Library/Developer/Xcode/DerivedData/Offshore-efisnkldzswbwlevfgccqdgdgyra/Build/Intermediates.noindex/Offshore.build/Debug-iphonesimulator/OffshoreBudgeting.build/DerivedSources -Xcc -DDEBUG\=1 -emit-objc-header -emit-objc-header-path /Users/Michael/Library/Developer/Xcode/DerivedData/Offshore-efisnkldzswbwlevfgccqdgdgyra/Build/Intermediates.noindex/Offshore.build/Debug-iphonesimulator/OffshoreBudgeting.build/Objects-normal/arm64/Offshore-Swift.h -working-directory /Users/Michael/Xcode\ iOS/SoFar -experimental-emit-module-separately -disable-cmo

ProcessInfoPlistFile /Users/Michael/Library/Developer/Xcode/DerivedData/Offshore-efisnkldzswbwlevfgccqdgdgyra/Build/Products/Debug-iphonesimulator/Offshore.app/Info.plist /Users/Michael/Xcode\ iOS/SoFar/OffshoreBudgeting/Info.plist (in target 'OffshoreBudgeting' from project 'Offshore')
    cd /Users/Michael/Xcode\ iOS/SoFar
    builtin-infoPlistUtility /Users/Michael/Xcode\ iOS/SoFar/OffshoreBudgeting/Info.plist -producttype com.apple.product-type.application -genpkginfo /Users/Michael/Library/Developer/Xcode/DerivedData/Offshore-efisnkldzswbwlevfgccqdgdgyra/Build/Products/Debug-iphonesimulator/Offshore.app/PkgInfo -expandbuildsettings -format binary -platform iphonesimulator -additionalcontentfile /Users/Michael/Library/Developer/Xcode/DerivedData/Offshore-efisnkldzswbwlevfgccqdgdgyra/Build/Intermediates.noindex/Offshore.build/Debug-iphonesimulator/OffshoreBudgeting.build/assetcatalog_generated_info.plist -o /Users/Michael/Library/Developer/Xcode/DerivedData/Offshore-efisnkldzswbwlevfgccqdgdgyra/Build/Products/Debug-iphonesimulator/Offshore.app/Info.plist
removing entry for "NSServices" - only supported on macOS

SwiftExplicitDependencyGeneratePcm arm64 /Users/Michael/Library/Developer/Xcode/DerivedData/ModuleCache.noindex/Foundation-9HS70QX5QLRBD9JAVKW228S01.pcm

SwiftCompile normal x86_64 Compiling\ AddPlannedExpenseViewModel.swift,\ AddUnplannedExpenseViewModel.swift,\ BudgetDetailsViewModel.swift,\ BudgetDetailsViewModelStore.swift /Users/Michael/Xcode\ iOS/SoFar/OffshoreBudgeting/View\ Models/AddPlannedExpenseViewModel.swift /Users/Michael/Xcode\ iOS/SoFar/OffshoreBudgeting/View\ Models/AddUnplannedExpenseViewModel.swift /Users/Michael/Xcode\ iOS/SoFar/OffshoreBudgeting/View\ Models/BudgetDetailsViewModel.swift /Users/Michael/Xcode\ iOS/SoFar/OffshoreBudgeting/View\ Models/BudgetDetailsViewModelStore.swift (in target 'OffshoreBudgeting' from project 'Offshore')
SwiftCompile normal x86_64 /Users/Michael/Xcode\ iOS/SoFar/OffshoreBudgeting/View\ Models/AddPlannedExpenseViewModel.swift (in target 'OffshoreBudgeting' from project 'Offshore')
    cd /Users/Michael/Xcode\ iOS/SoFar
    

SwiftCompile normal x86_64 /Users/Michael/Xcode\ iOS/SoFar/OffshoreBudgeting/View\ Models/AddUnplannedExpenseViewModel.swift (in target 'OffshoreBudgeting' from project 'Offshore')
    cd /Users/Michael/Xcode\ iOS/SoFar
    

SwiftCompile normal x86_64 /Users/Michael/Xcode\ iOS/SoFar/OffshoreBudgeting/View\ Models/BudgetDetailsViewModel.swift (in target 'OffshoreBudgeting' from project 'Offshore')
    cd /Users/Michael/Xcode\ iOS/SoFar
    

SwiftCompile normal x86_64 /Users/Michael/Xcode\ iOS/SoFar/OffshoreBudgeting/View\ Models/BudgetDetailsViewModelStore.swift (in target 'OffshoreBudgeting' from project 'Offshore')
    cd /Users/Michael/Xcode\ iOS/SoFar
    

SwiftCompile normal x86_64 Compiling\ MotionSupport.swift,\ OnboardingEnvironment.swift,\ AddBudgetViewModel.swift,\ AddIncomeFormViewModel.swift /Users/Michael/Xcode\ iOS/SoFar/OffshoreBudgeting/Systems/MotionSupport.swift /Users/Michael/Xcode\ iOS/SoFar/OffshoreBudgeting/Systems/OnboardingEnvironment.swift /Users/Michael/Xcode\ iOS/SoFar/OffshoreBudgeting/View\ Models/AddBudgetViewModel.swift /Users/Michael/Xcode\ iOS/SoFar/OffshoreBudgeting/View\ Models/AddIncomeFormViewModel.swift (in target 'OffshoreBudgeting' from project 'Offshore')

SwiftCompile normal x86_64 /Users/Michael/Xcode\ iOS/SoFar/OffshoreBudgeting/Systems/MotionSupport.swift (in target 'OffshoreBudgeting' from project 'Offshore')
    cd /Users/Michael/Xcode\ iOS/SoFar
    

SwiftCompile normal x86_64 /Users/Michael/Xcode\ iOS/SoFar/OffshoreBudgeting/Systems/OnboardingEnvironment.swift (in target 'OffshoreBudgeting' from project 'Offshore')
    cd /Users/Michael/Xcode\ iOS/SoFar
    

SwiftCompile normal x86_64 /Users/Michael/Xcode\ iOS/SoFar/OffshoreBudgeting/View\ Models/AddBudgetViewModel.swift (in target 'OffshoreBudgeting' from project 'Offshore')
    cd /Users/Michael/Xcode\ iOS/SoFar
    

SwiftCompile normal x86_64 /Users/Michael/Xcode\ iOS/SoFar/OffshoreBudgeting/View\ Models/AddIncomeFormViewModel.swift (in target 'OffshoreBudgeting' from project 'Offshore')
    cd /Users/Michael/Xcode\ iOS/SoFar
    

SwiftCompile normal x86_64 Compiling\ Compatibility.swift,\ DesignSystem.swift,\ DesignSystem+Motion.swift,\ IncomeCalendarPalette.swift /Users/Michael/Xcode\ iOS/SoFar/OffshoreBudgeting/Systems/Compatibility.swift /Users/Michael/Xcode\ iOS/SoFar/OffshoreBudgeting/Systems/DesignSystem.swift /Users/Michael/Xcode\ iOS/SoFar/OffshoreBudgeting/Systems/DesignSystem+Motion.swift /Users/Michael/Xcode\ iOS/SoFar/OffshoreBudgeting/Systems/IncomeCalendarPalette.swift (in target 'OffshoreBudgeting' from project 'Offshore')

SwiftCompile normal x86_64 /Users/Michael/Xcode\ iOS/SoFar/OffshoreBudgeting/Systems/Compatibility.swift (in target 'OffshoreBudgeting' from project 'Offshore')
    cd /Users/Michael/Xcode\ iOS/SoFar
    

SwiftCompile normal x86_64 /Users/Michael/Xcode\ iOS/SoFar/OffshoreBudgeting/Systems/DesignSystem.swift (in target 'OffshoreBudgeting' from project 'Offshore')
    cd /Users/Michael/Xcode\ iOS/SoFar
    

SwiftCompile normal x86_64 /Users/Michael/Xcode\ iOS/SoFar/OffshoreBudgeting/Systems/DesignSystem+Motion.swift (in target 'OffshoreBudgeting' from project 'Offshore')
    cd /Users/Michael/Xcode\ iOS/SoFar
    

SwiftCompile normal x86_64 /Users/Michael/Xcode\ iOS/SoFar/OffshoreBudgeting/Systems/IncomeCalendarPalette.swift (in target 'OffshoreBudgeting' from project 'Offshore')
    cd /Users/Michael/Xcode\ iOS/SoFar
    

SwiftCompile normal x86_64 Compiling\ HomeViewHelpers.swift,\ PeriodNavigationControl.swift,\ PillSegmentedControl.swift,\ RootHeaderActions.swift /Users/Michael/Xcode\ iOS/SoFar/OffshoreBudgeting/Views/Components/HomeViewHelpers.swift /Users/Michael/Xcode\ iOS/SoFar/OffshoreBudgeting/Views/Components/PeriodNavigationControl.swift /Users/Michael/Xcode\ iOS/SoFar/OffshoreBudgeting/Views/Components/PillSegmentedControl.swift /Users/Michael/Xcode\ iOS/SoFar/OffshoreBudgeting/Views/Components/RootHeaderActions.swift (in target 'OffshoreBudgeting' from project 'Offshore')

SwiftCompile normal x86_64 /Users/Michael/Xcode\ iOS/SoFar/OffshoreBudgeting/Views/Components/HomeViewHelpers.swift (in target 'OffshoreBudgeting' from project 'Offshore')
    cd /Users/Michael/Xcode\ iOS/SoFar
    

SwiftCompile normal x86_64 /Users/Michael/Xcode\ iOS/SoFar/OffshoreBudgeting/Views/Components/PeriodNavigationControl.swift (in target 'OffshoreBudgeting' from project 'Offshore')
    cd /Users/Michael/Xcode\ iOS/SoFar
    

SwiftCompile normal x86_64 /Users/Michael/Xcode\ iOS/SoFar/OffshoreBudgeting/Views/Components/PillSegmentedControl.swift (in target 'OffshoreBudgeting' from project 'Offshore')
    cd /Users/Michael/Xcode\ iOS/SoFar
    

SwiftCompile normal x86_64 /Users/Michael/Xcode\ iOS/SoFar/OffshoreBudgeting/Views/Components/RootHeaderActions.swift (in target 'OffshoreBudgeting' from project 'Offshore')
    cd /Users/Michael/Xcode\ iOS/SoFar
    

SwiftCompile normal x86_64 Compiling\ AppSettings.swift,\ AppTheme.swift,\ CardAppearanceStore.swift,\ CardTheme.swift /Users/Michael/Xcode\ iOS/SoFar/OffshoreBudgeting/Systems/AppSettings.swift /Users/Michael/Xcode\ iOS/SoFar/OffshoreBudgeting/Systems/AppTheme.swift /Users/Michael/Xcode\ iOS/SoFar/OffshoreBudgeting/Systems/CardAppearanceStore.swift /Users/Michael/Xcode\ iOS/SoFar/OffshoreBudgeting/Systems/CardTheme.swift (in target 'OffshoreBudgeting' from project 'Offshore')

SwiftCompile normal x86_64 /Users/Michael/Xcode\ iOS/SoFar/OffshoreBudgeting/Systems/AppSettings.swift (in target 'OffshoreBudgeting' from project 'Offshore')
    cd /Users/Michael/Xcode\ iOS/SoFar
    

SwiftCompile normal x86_64 /Users/Michael/Xcode\ iOS/SoFar/OffshoreBudgeting/Systems/AppTheme.swift (in target 'OffshoreBudgeting' from project 'Offshore')
    cd /Users/Michael/Xcode\ iOS/SoFar
    

SwiftCompile normal x86_64 /Users/Michael/Xcode\ iOS/SoFar/OffshoreBudgeting/Systems/CardAppearanceStore.swift (in target 'OffshoreBudgeting' from project 'Offshore')
    cd /Users/Michael/Xcode\ iOS/SoFar
    

SwiftCompile normal x86_64 /Users/Michael/Xcode\ iOS/SoFar/OffshoreBudgeting/Systems/CardTheme.swift (in target 'OffshoreBudgeting' from project 'Offshore')
    cd /Users/Michael/Xcode\ iOS/SoFar
    

SwiftCompile normal x86_64 Compiling\ CardDetailViewModel.swift,\ CardsViewModel.swift,\ HomeViewModel.swift,\ IncomeScreenViewModel.swift /Users/Michael/Xcode\ iOS/SoFar/OffshoreBudgeting/View\ Models/CardDetailViewModel.swift /Users/Michael/Xcode\ iOS/SoFar/OffshoreBudgeting/View\ Models/CardsViewModel.swift /Users/Michael/Xcode\ iOS/SoFar/OffshoreBudgeting/View\ Models/HomeViewModel.swift /Users/Michael/Xcode\ iOS/SoFar/OffshoreBudgeting/View\ Models/IncomeScreenViewModel.swift (in target 'OffshoreBudgeting' from project 'Offshore')

SwiftCompile normal x86_64 /Users/Michael/Xcode\ iOS/SoFar/OffshoreBudgeting/View\ Models/CardDetailViewModel.swift (in target 'OffshoreBudgeting' from project 'Offshore')
    cd /Users/Michael/Xcode\ iOS/SoFar
    

SwiftCompile normal x86_64 /Users/Michael/Xcode\ iOS/SoFar/OffshoreBudgeting/View\ Models/CardsViewModel.swift (in target 'OffshoreBudgeting' from project 'Offshore')
    cd /Users/Michael/Xcode\ iOS/SoFar
    

SwiftCompile normal x86_64 /Users/Michael/Xcode\ iOS/SoFar/OffshoreBudgeting/View\ Models/HomeViewModel.swift (in target 'OffshoreBudgeting' from project 'Offshore')
    cd /Users/Michael/Xcode\ iOS/SoFar
    

SwiftCompile normal x86_64 /Users/Michael/Xcode\ iOS/SoFar/OffshoreBudgeting/View\ Models/IncomeScreenViewModel.swift (in target 'OffshoreBudgeting' from project 'Offshore')
    cd /Users/Michael/Xcode\ iOS/SoFar
    

SwiftCompile normal x86_64 Compiling\ SettingsViewModel.swift,\ CalendarNavigationButtonStyle.swift,\ CategoryTotalsRow.swift,\ GlassCapsuleContainer.swift /Users/Michael/Xcode\ iOS/SoFar/OffshoreBudgeting/View\ Models/SettingsViewModel.swift /Users/Michael/Xcode\ iOS/SoFar/OffshoreBudgeting/Views/Components/CalendarNavigationButtonStyle.swift /Users/Michael/Xcode\ iOS/SoFar/OffshoreBudgeting/Views/Components/CategoryTotalsRow.swift /Users/Michael/Xcode\ iOS/SoFar/OffshoreBudgeting/Views/Components/GlassCapsuleContainer.swift (in target 'OffshoreBudgeting' from project 'Offshore')

SwiftCompile normal x86_64 /Users/Michael/Xcode\ iOS/SoFar/OffshoreBudgeting/View\ Models/SettingsViewModel.swift (in target 'OffshoreBudgeting' from project 'Offshore')
    cd /Users/Michael/Xcode\ iOS/SoFar
    

SwiftCompile normal x86_64 /Users/Michael/Xcode\ iOS/SoFar/OffshoreBudgeting/Views/Components/CalendarNavigationButtonStyle.swift (in target 'OffshoreBudgeting' from project 'Offshore')
    cd /Users/Michael/Xcode\ iOS/SoFar
    

SwiftCompile normal x86_64 /Users/Michael/Xcode\ iOS/SoFar/OffshoreBudgeting/Views/Components/CategoryTotalsRow.swift (in target 'OffshoreBudgeting' from project 'Offshore')
    cd /Users/Michael/Xcode\ iOS/SoFar
    

SwiftCompile normal x86_64 /Users/Michael/Xcode\ iOS/SoFar/OffshoreBudgeting/Views/Components/GlassCapsuleContainer.swift (in target 'OffshoreBudgeting' from project 'Offshore')
    cd /Users/Michael/Xcode\ iOS/SoFar
    

SwiftCompile normal x86_64 Compiling\ PlannedExpenseService.swift,\ RecurrenceEngine.swift,\ UnplannedExpenseService.swift,\ Logging.swift /Users/Michael/Xcode\ iOS/SoFar/OffshoreBudgeting/Services/PlannedExpenseService.swift /Users/Michael/Xcode\ iOS/SoFar/OffshoreBudgeting/Services/RecurrenceEngine.swift /Users/Michael/Xcode\ iOS/SoFar/OffshoreBudgeting/Services/UnplannedExpenseService.swift /Users/Michael/Xcode\ iOS/SoFar/OffshoreBudgeting/Support/Logging.swift (in target 'OffshoreBudgeting' from project 'Offshore')

SwiftCompile normal x86_64 /Users/Michael/Xcode\ iOS/SoFar/OffshoreBudgeting/Services/PlannedExpenseService.swift (in target 'OffshoreBudgeting' from project 'Offshore')
    cd /Users/Michael/Xcode\ iOS/SoFar
    

SwiftCompile normal x86_64 /Users/Michael/Xcode\ iOS/SoFar/OffshoreBudgeting/Services/RecurrenceEngine.swift (in target 'OffshoreBudgeting' from project 'Offshore')
    cd /Users/Michael/Xcode\ iOS/SoFar
    

SwiftCompile normal x86_64 /Users/Michael/Xcode\ iOS/SoFar/OffshoreBudgeting/Services/UnplannedExpenseService.swift (in target 'OffshoreBudgeting' from project 'Offshore')
    cd /Users/Michael/Xcode\ iOS/SoFar
    

SwiftCompile normal x86_64 /Users/Michael/Xcode\ iOS/SoFar/OffshoreBudgeting/Support/Logging.swift (in target 'OffshoreBudgeting' from project 'Offshore')
    cd /Users/Michael/Xcode\ iOS/SoFar
    

SwiftCompile normal x86_64 Compiling\ CardPickerRow.swift,\ CardsView.swift,\ CardTileView.swift,\ CustomRecurrenceEditorView.swift /Users/Michael/Xcode\ iOS/SoFar/OffshoreBudgeting/Views/CardPickerRow.swift /Users/Michael/Xcode\ iOS/SoFar/OffshoreBudgeting/Views/CardsView.swift /Users/Michael/Xcode\ iOS/SoFar/OffshoreBudgeting/Views/CardTileView.swift /Users/Michael/Xcode\ iOS/SoFar/OffshoreBudgeting/Views/CustomRecurrenceEditorView.swift (in target 'OffshoreBudgeting' from project 'Offshore')

SwiftCompile normal x86_64 /Users/Michael/Xcode\ iOS/SoFar/OffshoreBudgeting/Views/CardPickerRow.swift (in target 'OffshoreBudgeting' from project 'Offshore')
    cd /Users/Michael/Xcode\ iOS/SoFar
    

SwiftCompile normal x86_64 /Users/Michael/Xcode\ iOS/SoFar/OffshoreBudgeting/Views/CardsView.swift (in target 'OffshoreBudgeting' from project 'Offshore')
    cd /Users/Michael/Xcode\ iOS/SoFar
    

SwiftCompile normal x86_64 /Users/Michael/Xcode\ iOS/SoFar/OffshoreBudgeting/Views/CardTileView.swift (in target 'OffshoreBudgeting' from project 'Offshore')
    cd /Users/Michael/Xcode\ iOS/SoFar
    

SwiftCompile normal x86_64 /Users/Michael/Xcode\ iOS/SoFar/OffshoreBudgeting/Views/CustomRecurrenceEditorView.swift (in target 'OffshoreBudgeting' from project 'Offshore')
    cd /Users/Michael/Xcode\ iOS/SoFar
    

SwiftCompile normal x86_64 Compiling\ EditSheetScaffold.swift,\ ExpenseCategoryManagerView.swift,\ HelpView.swift,\ HomeView.swift /Users/Michael/Xcode\ iOS/SoFar/OffshoreBudgeting/Views/EditSheetScaffold.swift /Users/Michael/Xcode\ iOS/SoFar/OffshoreBudgeting/Views/ExpenseCategoryManagerView.swift /Users/Michael/Xcode\ iOS/SoFar/OffshoreBudgeting/Views/HelpView.swift /Users/Michael/Xcode\ iOS/SoFar/OffshoreBudgeting/Views/HomeView.swift (in target 'OffshoreBudgeting' from project 'Offshore')
Failed frontend command:
/Applications/Xcode.app/Contents/Developer/Toolchains/XcodeDefault.xctoolchain/usr/bin/swift-frontend -frontend -c /Users/Michael/Xcode\ iOS/SoFar/OffshoreBudgeting/Models/BudgetPeriod.swift /Users/Michael/Xcode\ iOS/SoFar/OffshoreBudgeting/Models/CardItem.swift /Users/Michael/Xcode\ iOS/SoFar/OffshoreBudgeting/Resources/AddIncomeFormView+Lifecycle.swift /Users/Michael/Xcode\ iOS/SoFar/OffshoreBudgeting/Resources/BudgetIncomeCalculator.swift /Users/Michael/Xcode\ iOS/SoFar/OffshoreBudgeting/Resources/CardItem+CoreDataBridge.swift /Users/Michael/Xcode\ iOS/SoFar/OffshoreBudgeting/Resources/Color+Hex.swift /Users/Michael/Xcode\ iOS/SoFar/OffshoreBudgeting/Resources/CoreDataEntityChangeMonitor.swift /Users/Michael/Xcode\ iOS/SoFar/OffshoreBudgeting/Resources/CoreDataListObserver.swift /Users/Michael/Xcode\ iOS/SoFar/OffshoreBudgeting/Resources/HolographicMetallicText.swift /Users/Michael/Xcode\ iOS/SoFar/OffshoreBudgeting/Resources/NotificationName+Extensions.swift /Users/Michael/Xcode\ iOS/SoFar/OffshoreBudgeting/Resources/PlannedExpenseService+Templates.swift /Users/Michael/Xcode\ iOS/SoFar/OffshoreBudgeting/Resources/RecurrenceRule.swift /Users/Michael/Xcode\ iOS/SoFar/OffshoreBudgeting/Resources/SaveError.swift /Users/Michael/Xcode\ iOS/SoFar/OffshoreBudgeting/Resources/UnifiedSwipeActions.swift /Users/Michael/Xcode\ iOS/SoFar/OffshoreBudgeting/Services/Repository/CoreDataRepository.swift /Users/Michael/Xcode\ iOS/SoFar/OffshoreBudgeting/Services/BudgetService.swift /Users/Michael/Xcode\ iOS/SoFar/OffshoreBudgeting/Services/CardService.swift /Users/Michael/Xcode\ iOS/SoFar/OffshoreBudgeting/Services/CloudAccountStatusProvider.swift /Users/Michael/Xcode\ iOS/SoFar/OffshoreBudgeting/Services/CoreDataService.swift /Users/Michael/Xcode\ iOS/SoFar/OffshoreBudgeting/Services/ExpenseCategoryService.swift /Users/Michael/Xcode\ iOS/SoFar/OffshoreBudgeting/Services/IncomeService.swift /Users/Michael/Xcode\ iOS/SoFar/OffshoreBudgeting/Services/PlannedExpenseService.swift /Users/Michael/Xcode\ iOS/SoFar/OffshoreBudgeting/Services/RecurrenceEngine.swift /Users/Michael/Xcode\ iOS/SoFar/OffshoreBudgeting/Services/UnplannedExpenseService.swift /Users/Michael/Xcode\ iOS/SoFar/OffshoreBudgeting/Support/Logging.swift /Users/Michael/Xcode\ iOS/SoFar/OffshoreBudgeting/Systems/AppSettings.swift /Users/Michael/Xcode\ iOS/SoFar/OffshoreBudgeting/Systems/AppTheme.swift /Users/Michael/Xcode\ iOS/SoFar/OffshoreBudgeting/Systems/CardAppearanceStore.swift /Users/Michael/Xcode\ iOS/SoFar/OffshoreBudgeting/Systems/CardTheme.swift /Users/Michael/Xcode\ iOS/SoFar/OffshoreBudgeting/Systems/Compatibility.swift /Users/Michael/Xcode\ iOS/SoFar/OffshoreBudgeting/Systems/DesignSystem.swift /Users/Michael/Xcode\ iOS/SoFar/OffshoreBudgeting/Systems/DesignSystem+Motion.swift /Users/Michael/Xcode\ iOS/SoFar/OffshoreBudgeting/Systems/IncomeCalendarPalette.swift /Users/Michael/Xcode\ iOS/SoFar/OffshoreBudgeting/Systems/MotionSupport.swift /Users/Michael/Xcode\ iOS/SoFar/OffshoreBudgeting/Systems/OnboardingEnvironment.swift /Users/Michael/Xcode\ iOS/SoFar/OffshoreBudgeting/Systems/PlatformCapabilities.swift /Users/Michael/Xcode\ iOS/SoFar/OffshoreBudgeting/Systems/ResponsiveLayoutContext.swift /Users/Michael/Xcode\ iOS/SoFar/OffshoreBudgeting/Systems/RootTabView.swift /Users/Michael/Xcode\ iOS/SoFar/OffshoreBudgeting/Systems/SafeAreaInsetsCompatibility.swift /Users/Michael/Xcode\ iOS/SoFar/OffshoreBudgeting/Systems/ScrollViewInsetAdjustment.swift /Users/Michael/Xcode\ iOS/SoFar/OffshoreBudgeting/Systems/SystemTheme.swift /Users/Michael/Xcode\ iOS/SoFar/OffshoreBudgeting/Testing/UITestDataSeeder.swift /Users/Michael/Xcode\ iOS/SoFar/OffshoreBudgeting/View\ Models/AddBudgetViewModel.swift /Users/Michael/Xcode\ iOS/SoFar/OffshoreBudgeting/View\ Models/AddIncomeFormViewModel.swift /Users/Michael/Xcode\ iOS/SoFar/OffshoreBudgeting/View\ Models/AddPlannedExpenseViewModel.swift /Users/Michael/Xcode\ iOS/SoFar/OffshoreBudgeting/View\ Models/AddUnplannedExpenseViewModel.swift /Users/Michael/Xcode\ iOS/SoFar/OffshoreBudgeting/View\ Models/BudgetDetailsViewModel.swift /Users/Michael/Xcode\ iOS/SoFar/OffshoreBudgeting/View\ Models/BudgetDetailsViewModelStore.swift /Users/Michael/Xcode\ iOS/SoFar/OffshoreBudgeting/View\ Models/CardDetailViewModel.swift /Users/Michael/Xcode\ iOS/SoFar/OffshoreBudgeting/View\ Models/CardsViewModel.swift /Users/Michael/Xcode\ iOS/SoFar/OffshoreBudgeting/View\ Models/HomeViewModel.swift /Users/Michael/Xcode\ iOS/SoFar/OffshoreBudgeting/View\ Models/IncomeScreenViewModel.swift /Users/Michael/Xcode\ iOS/SoFar/OffshoreBudgeting/View\ Models/SettingsViewModel.swift /Users/Michael/Xcode\ iOS/SoFar/OffshoreBudgeting/Views/Components/CalendarNavigationButtonStyle.swift /Users/Michael/Xcode\ iOS/SoFar/OffshoreBudgeting/Views/Components/CategoryTotalsRow.swift /Users/Michael/Xcode\ iOS/SoFar/OffshoreBudgeting/Views/Components/GlassCapsuleContainer.swift /Users/Michael/Xcode\ iOS/SoFar/OffshoreBudgeting/Views/Components/HomeViewHelpers.swift /Users/Michael/Xcode\ iOS/SoFar/OffshoreBudgeting/Views/Components/PeriodNavigationControl.swift /Users/Michael/Xcode\ iOS/SoFar/OffshoreBudgeting/Views/Components/PillSegmentedControl.swift /Users/Michael/Xcode\ iOS/SoFar/OffshoreBudgeting/Views/Components/RootHeaderActions.swift /Users/Michael/Xcode\ iOS/SoFar/OffshoreBudgeting/Views/Components/RootTabHeader.swift /Users/Michael/Xcode\ iOS/SoFar/OffshoreBudgeting/Views/Components/RootTabPageScaffold.swift /Users/Michael/Xcode\ iOS/SoFar/OffshoreBudgeting/Views/Components/RootViewTopPlanes.swift /Users/Michael/Xcode\ iOS/SoFar/OffshoreBudgeting/Views/Components/TranslucentButtonStyle.swift /Users/Michael/Xcode\ iOS/SoFar/OffshoreBudgeting/Views/AddBudgetView.swift /Users/Michael/Xcode\ iOS/SoFar/OffshoreBudgeting/Views/AddCardFormView.swift /Users/Michael/Xcode\ iOS/SoFar/OffshoreBudgeting/Views/AddIncomeFormView.swift /Users/Michael/Xcode\ iOS/SoFar/OffshoreBudgeting/Views/AddPlannedExpenseView.swift /Users/Michael/Xcode\ iOS/SoFar/OffshoreBudgeting/Views/AddUnplannedExpenseView.swift /Users/Michael/Xcode\ iOS/SoFar/OffshoreBudgeting/Views/BudgetDetailsView.swift /Users/Michael/Xcode\ iOS/SoFar/OffshoreBudgeting/Views/CardDetailView.swift /Users/Michael/Xcode\ iOS/SoFar/OffshoreBudgeting/Views/CardPickerItemTile.swift /Users/Michael/Xcode\ iOS/SoFar/OffshoreBudgeting/Views/CardPickerRow.swift /Users/Michael/Xcode\ iOS/SoFar/OffshoreBudgeting/Views/CardsView.swift /Users/Michael/Xcode\ iOS/SoFar/OffshoreBudgeting/Views/CardTileView.swift /Users/Michael/Xcode\ iOS/SoFar/OffshoreBudgeting/Views/CustomRecurrenceEditorView.swift -primary-file /Users/Michael/Xcode\ iOS/SoFar/OffshoreBudgeting/Views/EditSheetScaffold.swift -primary-file /Users/Michael/Xcode\ iOS/SoFar/OffshoreBudgeting/Views/ExpenseCategoryManagerView.swift -primary-file /Users/Michael/Xcode\ iOS/SoFar/OffshoreBudgeting/Views/HelpView.swift -primary-file /Users/Michael/Xcode\ iOS/SoFar/OffshoreBudgeting/Views/HomeView.swift /Users/Michael/Xcode\ iOS/SoFar/OffshoreBudgeting/Views/IncomeEditorView.swift /Users/Michael/Xcode\ iOS/SoFar/OffshoreBudgeting/Views/IncomeView.swift /Users/Michael/Xcode\ iOS/SoFar/OffshoreBudgeting/Views/ManageBudgetCardsSheet.swift /Users/Michael/Xcode\ iOS/SoFar/OffshoreBudgeting/Views/NoCardTile.swift /Users/Michael/Xcode\ iOS/SoFar/OffshoreBudgeting/Views/OnboardingView.swift /Users/Michael/Xcode\ iOS/SoFar/OffshoreBudgeting/Views/PresetBudgetAssignmentSheet.swift /Users/Michael/Xcode\ iOS/SoFar/OffshoreBudgeting/Views/PresetRowView.swift /Users/Michael/Xcode\ iOS/SoFar/OffshoreBudgeting/Views/PresetsView.swift /Users/Michael/Xcode\ iOS/SoFar/OffshoreBudgeting/Views/RecurrencePickerView.swift /Users/Michael/Xcode\ iOS/SoFar/OffshoreBudgeting/Views/RenameCardSheet.swift /Users/Michael/Xcode\ iOS/SoFar/OffshoreBudgeting/Views/SettingsView.swift /Users/Michael/Xcode\ iOS/SoFar/OffshoreBudgeting/Views/UBEmptyState.swift /Users/Michael/Xcode\ iOS/SoFar/OffshoreBudgeting/Views/UBFormRow.swift /Users/Michael/Xcode\ iOS/SoFar/OffshoreBudgeting/Views/UBFormSection.swift /Users/Michael/Xcode\ iOS/SoFar/OffshoreBudgeting/ContentView.swift /Users/Michael/Xcode\ iOS/SoFar/OffshoreBudgeting/OffshoreBudgetingApp.swift /Users/Michael/Library/Developer/Xcode/DerivedData/Offshore-efisnkldzswbwlevfgccqdgdgyra/Build/Intermediates.noindex/Offshore.build/Debug-iphonesimulator/OffshoreBudgeting.build/DerivedSources/CoreDataGenerated/OffshoreBudgetingModel/Budget+CoreDataClass.swift /Users/Michael/Library/Developer/Xcode/DerivedData/Offshore-efisnkldzswbwlevfgccqdgdgyra/Build/Intermediates.noindex/Offshore.build/Debug-iphonesimulator/OffshoreBudgeting.build/DerivedSources/CoreDataGenerated/OffshoreBudgetingModel/Budget+CoreDataProperties.swift /Users/Michael/Library/Developer/Xcode/DerivedData/Offshore-efisnkldzswbwlevfgccqdgdgyra/Build/Intermediates.noindex/Offshore.build/Debug-iphonesimulator/OffshoreBudgeting.build/DerivedSources/CoreDataGenerated/OffshoreBudgetingModel/Card+CoreDataClass.swift /Users/Michael/Library/Developer/Xcode/DerivedData/Offshore-efisnkldzswbwlevfgccqdgdgyra/Build/Intermediates.noindex/Offshore.build/Debug-iphonesimulator/OffshoreBudgeting.build/DerivedSources/CoreDataGenerated/OffshoreBudgetingModel/Card+CoreDataProperties.swift /Users/Michael/Library/Developer/Xcode/DerivedData/Offshore-efisnkldzswbwlevfgccqdgdgyra/Build/Intermediates.noindex/Offshore.build/Debug-iphonesimulator/OffshoreBudgeting.build/DerivedSources/CoreDataGenerated/OffshoreBudgetingModel/ExpenseCategory+CoreDataClass.swift /Users/Michael/Library/Developer/Xcode/DerivedData/Offshore-efisnkldzswbwlevfgccqdgdgyra/Build/Intermediates.noindex/Offshore.build/Debug-iphonesimulator/OffshoreBudgeting.build/DerivedSources/CoreDataGenerated/OffshoreBudgetingModel/ExpenseCategory+CoreDataProperties.swift /Users/Michael/Library/Developer/Xcode/DerivedData/Offshore-efisnkldzswbwlevfgccqdgdgyra/Build/Intermediates.noindex/Offshore.build/Debug-iphonesimulator/OffshoreBudgeting.build/DerivedSources/CoreDataGenerated/OffshoreBudgetingModel/Income+CoreDataClass.swift /Users/Michael/Library/Developer/Xcode/DerivedData/Offshore-efisnkldzswbwlevfgccqdgdgyra/Build/Intermediates.noindex/Offshore.build/Debug-iphonesimulator/OffshoreBudgeting.build/DerivedSources/CoreDataGenerated/OffshoreBudgetingModel/Income+CoreDataProperties.swift /Users/Michael/Library/Developer/Xcode/DerivedData/Offshore-efisnkldzswbwlevfgccqdgdgyra/Build/Intermediates.noindex/Offshore.build/Debug-iphonesimulator/OffshoreBudgeting.build/DerivedSources/CoreDataGenerated/OffshoreBudgetingModel/PlannedExpense+CoreDataClass.swift /Users/Michael/Library/Developer/Xcode/DerivedData/Offshore-efisnkldzswbwlevfgccqdgdgyra/Build/Intermediates.noindex/Offshore.build/Debug-iphonesimulator/OffshoreBudgeting.build/DerivedSources/CoreDataGenerated/OffshoreBudgetingModel/PlannedExpense+CoreDataProperties.swift /Users/Michael/Library/Developer/Xcode/DerivedData/Offshore-efisnkldzswbwlevfgccqdgdgyra/Build/Intermediates.noindex/Offshore.build/Debug-iphonesimulator/OffshoreBudgeting.build/DerivedSources/CoreDataGenerated/OffshoreBudgetingModel/UnplannedExpense+CoreDataClass.swift /Users/Michael/Library/Developer/Xcode/DerivedData/Offshore-efisnkldzswbwlevfgccqdgdgyra/Build/Intermediates.noindex/Offshore.build/Debug-iphonesimulator/OffshoreBudgeting.build/DerivedSources/CoreDataGenerated/OffshoreBudgetingModel/UnplannedExpense+CoreDataProperties.swift /Users/Michael/Library/Developer/Xcode/DerivedData/Offshore-efisnkldzswbwlevfgccqdgdgyra/Build/Intermediates.noindex/Offshore.build/Debug-iphonesimulator/OffshoreBudgeting.build/DerivedSources/CoreDataGenerated/OffshoreBudgetingModel/OffshoreBudgetingModel+CoreDataModel.swift /Users/Michael/Library/Developer/Xcode/DerivedData/Offshore-efisnkldzswbwlevfgccqdgdgyra/Build/Intermediates.noindex/Offshore.build/Debug-iphonesimulator/OffshoreBudgeting.build/DerivedSources/GeneratedAssetSymbols.swift -supplementary-output-file-map /Users/Michael/Library/Developer/Xcode/DerivedData/Offshore-efisnkldzswbwlevfgccqdgdgyra/Build/Intermediates.noindex/Offshore.build/Debug-iphonesimulator/OffshoreBudgeting.build/Objects-normal/x86_64/supplementaryOutputs-29 -emit-localized-strings -emit-localized-strings-path /Users/Michael/Library/Developer/Xcode/DerivedData/Offshore-efisnkldzswbwlevfgccqdgdgyra/Build/Intermediates.noindex/Offshore.build/Debug-iphonesimulator/OffshoreBudgeting.build/Objects-normal/x86_64 -target x86_64-apple-ios15.6-simulator -module-can-import-version DeveloperToolsSupport 23.0.4 23.0.4 -module-can-import-version SwiftUI 7.0.84.1 7.0.84 -module-can-import-version UIKit 9088.1.113 9088.1.113 -load-resolved-plugin /Applications/Xcode.app/Contents/Developer/Platforms/iPhoneOS.platform/Developer/usr/lib/swift/host/plugins/libFoundationMacros.dylib\#/Applications/Xcode.app/Contents/Developer/Platforms/iPhoneOS.platform/Developer/usr/bin/swift-plugin-server\#FoundationMacros -load-resolved-plugin /Applications/Xcode.app/Contents/Developer/Platforms/iPhoneOS.platform/Developer/usr/lib/swift/host/plugins/libObservationMacros.dylib\#/Applications/Xcode.app/Contents/Developer/Platforms/iPhoneOS.platform/Developer/usr/bin/swift-plugin-server\#ObservationMacros -load-resolved-plugin /Applications/Xcode.app/Contents/Developer/Platforms/iPhoneOS.platform/Developer/usr/lib/swift/host/plugins/libPreviewsMacros.dylib\#/Applications/Xcode.app/Contents/Developer/Platforms/iPhoneOS.platform/Developer/usr/bin/swift-plugin-server\#PreviewsMacros -load-resolved-plugin /Applications/Xcode.app/Contents/Developer/Platforms/iPhoneOS.platform/Developer/usr/lib/swift/host/plugins/libSwiftMacros.dylib\#/Applications/Xcode.app/Contents/Developer/Platforms/iPhoneOS.platform/Developer/usr/bin/swift-plugin-server\#SwiftMacros -load-resolved-plugin /Applications/Xcode.app/Contents/Developer/Platforms/iPhoneOS.platform/Developer/usr/lib/swift/host/plugins/libSwiftUIMacros.dylib\#/Applications/Xcode.app/Contents/Developer/Platforms/iPhoneOS.platform/Developer/usr/bin/swift-plugin-server\#SwiftUIMacros -disable-implicit-swift-modules -Xcc -fno-implicit-modules -Xcc -fno-implicit-module-maps -explicit-swift-module-map-file /Users/Michael/Library/Developer/Xcode/DerivedData/Offshore-efisnkldzswbwlevfgccqdgdgyra/Build/Intermediates.noindex/Offshore.build/Debug-iphonesimulator/OffshoreBudgeting.build/Objects-normal/x86_64/Offshore-dependencies-2.json -enable-objc-interop -sdk /Applications/Xcode.app/Contents/Developer/Platforms/iPhoneSimulator.platform/Developer/SDKs/iPhoneSimulator26.0.sdk -I /Users/Michael/Library/Developer/Xcode/DerivedData/Offshore-efisnkldzswbwlevfgccqdgdgyra/Build/Products/Debug-iphonesimulator -F /Users/Michael/Library/Developer/Xcode/DerivedData/Offshore-efisnkldzswbwlevfgccqdgdgyra/Build/Products/Debug-iphonesimulator/PackageFrameworks -F /Users/Michael/Library/Developer/Xcode/DerivedData/Offshore-efisnkldzswbwlevfgccqdgdgyra/Build/Products/Debug-iphonesimulator -no-color-diagnostics -Xcc -fno-color-diagnostics -enable-testing -g -debug-info-format\=dwarf -dwarf-version\=4 -module-cache-path /Users/Michael/Library/Developer/Xcode/DerivedData/Offshore-efisnkldzswbwlevfgccqdgdgyra/Build/Intermediates.noindex/SwiftExplicitPrecompiledModules -profile-generate -profile-coverage-mapping -swift-version 5 -enforce-exclusivity\=checked -Onone -D DEBUG -serialize-debugging-options -const-gather-protocols-file /Users/Michael/Library/Developer/Xcode/DerivedData/Offshore-efisnkldzswbwlevfgccqdgdgyra/Build/Intermediates.noindex/Offshore.build/Debug-iphonesimulator/OffshoreBudgeting.build/Objects-normal/x86_64/OffshoreBudgeting_const_extract_protocols.json -enable-experimental-feature DebugDescriptionMacro -enable-bare-slash-regex -empty-abi-descriptor -validate-clang-modules-once -clang-build-session-file /Users/Michael/Library/Developer/Xcode/DerivedData/ModuleCache.noindex/Session.modulevalidation -Xcc -working-directory -Xcc /Users/Michael/Xcode\ iOS/SoFar -enable-anonymous-context-mangled-names -file-compilation-dir /Users/Michael/Xcode\ iOS/SoFar -Xcc -D_LIBCPP_HARDENING_MODE\=_LIBCPP_HARDENING_MODE_DEBUG -Xcc -ivfsstatcache -Xcc /Users/Michael/Library/Developer/Xcode/DerivedData/SDKStatCaches.noindex/iphonesimulator26.0-23A339-26257891a6c027eb51374368541b8346.sdkstatcache -Xcc -I/Users/Michael/Library/Developer/Xcode/DerivedData/Offshore-efisnkldzswbwlevfgccqdgdgyra/Build/Intermediates.noindex/Offshore.build/Debug-iphonesimulator/OffshoreBudgeting.build/swift-overrides.hmap -Xcc -iquote -Xcc /Users/Michael/Library/Developer/Xcode/DerivedData/Offshore-efisnkldzswbwlevfgccqdgdgyra/Build/Intermediates.noindex/Offshore.build/Debug-iphonesimulator/OffshoreBudgeting.build/Offshore-generated-files.hmap -Xcc -I/Users/Michael/Library/Developer/Xcode/DerivedData/Offshore-efisnkldzswbwlevfgccqdgdgyra/Build/Intermediates.noindex/Offshore.build/Debug-iphonesimulator/OffshoreBudgeting.build/Offshore-own-target-headers.hmap -Xcc -I/Users/Michael/Library/Developer/Xcode/DerivedData/Offshore-efisnkldzswbwlevfgccqdgdgyra/Build/Intermediates.noindex/Offshore.build/Debug-iphonesimulator/OffshoreBudgeting.build/Offshore-all-non-framework-target-headers.hmap -Xcc -ivfsoverlay -Xcc /Users/Michael/Library/Developer/Xcode/DerivedData/Offshore-efisnkldzswbwlevfgccqdgdgyra/Build/Intermediates.noindex/Offshore.build/Debug-iphonesimulator/Offshore-18b78ca503141e196a11e3deb683abb3-VFS-iphonesimulator/all-product-headers.yaml -Xcc -iquote -Xcc /Users/Michael/Library/Developer/Xcode/DerivedData/Offshore-efisnkldzswbwlevfgccqdgdgyra/Build/Intermediates.noindex/Offshore.build/Debug-iphonesimulator/OffshoreBudgeting.build/Offshore-project-headers.hmap -Xcc -I/Users/Michael/Library/Developer/Xcode/DerivedData/Offshore-efisnkldzswbwlevfgccqdgdgyra/Build/Products/Debug-iphonesimulator/include -Xcc -I/Users/Michael/Library/Developer/Xcode/DerivedData/Offshore-efisnkldzswbwlevfgccqdgdgyra/Build/Intermediates.noindex/Offshore.build/Debug-iphonesimulator/OffshoreBudgeting.build/DerivedSources-normal/x86_64 -Xcc -I/Users/Michael/Library/Developer/Xcode/DerivedData/Offshore-efisnkldzswbwlevfgccqdgdgyra/Build/Intermediates.noindex/Offshore.build/Debug-iphonesimulator/OffshoreBudgeting.build/DerivedSources/x86_64 -Xcc -I/Users/Michael/Library/Developer/Xcode/DerivedData/Offshore-efisnkldzswbwlevfgccqdgdgyra/Build/Intermediates.noindex/Offshore.build/Debug-iphonesimulator/OffshoreBudgeting.build/DerivedSources -Xcc -DDEBUG\=1 -no-auto-bridging-header-chaining -module-name Offshore -frontend-parseable-output -disable-clang-spi -target-sdk-version 26.0 -target-sdk-name iphonesimulator26.0 -clang-target x86_64-apple-ios26.0-simulator -in-process-plugin-server-path /Applications/Xcode.app/Contents/Developer/Toolchains/XcodeDefault.xctoolchain/usr/lib/swift/host/libSwiftInProcPluginServer.dylib -o /Users/Michael/Library/Developer/Xcode/DerivedData/Offshore-efisnkldzswbwlevfgccqdgdgyra/Build/Intermediates.noindex/Offshore.build/Debug-iphonesimulator/OffshoreBudgeting.build/Objects-normal/x86_64/EditSheetScaffold.o -o /Users/Michael/Library/Developer/Xcode/DerivedData/Offshore-efisnkldzswbwlevfgccqdgdgyra/Build/Intermediates.noindex/Offshore.build/Debug-iphonesimulator/OffshoreBudgeting.build/Objects-normal/x86_64/ExpenseCategoryManagerView.o -o /Users/Michael/Library/Developer/Xcode/DerivedData/Offshore-efisnkldzswbwlevfgccqdgdgyra/Build/Intermediates.noindex/Offshore.build/Debug-iphonesimulator/OffshoreBudgeting.build/Objects-normal/x86_64/HelpView.o -o /Users/Michael/Library/Developer/Xcode/DerivedData/Offshore-efisnkldzswbwlevfgccqdgdgyra/Build/Intermediates.noindex/Offshore.build/Debug-iphonesimulator/OffshoreBudgeting.build/Objects-normal/x86_64/HomeView.o -index-unit-output-path /Offshore.build/Debug-iphonesimulator/OffshoreBudgeting.build/Objects-normal/x86_64/EditSheetScaffold.o -index-unit-output-path /Offshore.build/Debug-iphonesimulator/OffshoreBudgeting.build/Objects-normal/x86_64/ExpenseCategoryManagerView.o -index-unit-output-path /Offshore.build/Debug-iphonesimulator/OffshoreBudgeting.build/Objects-normal/x86_64/HelpView.o -index-unit-output-path /Offshore.build/Debug-iphonesimulator/OffshoreBudgeting.build/Objects-normal/x86_64/HomeView.o -index-store-path /Users/Michael/Library/Developer/Xcode/DerivedData/Offshore-efisnkldzswbwlevfgccqdgdgyra/Index.noindex/DataStore -index-system-modules

SwiftCompile normal x86_64 /Users/Michael/Xcode\ iOS/SoFar/OffshoreBudgeting/Views/EditSheetScaffold.swift (in target 'OffshoreBudgeting' from project 'Offshore')
    cd /Users/Michael/Xcode\ iOS/SoFar
    

SwiftCompile normal x86_64 /Users/Michael/Xcode\ iOS/SoFar/OffshoreBudgeting/Views/ExpenseCategoryManagerView.swift (in target 'OffshoreBudgeting' from project 'Offshore')
    cd /Users/Michael/Xcode\ iOS/SoFar
    

SwiftCompile normal x86_64 /Users/Michael/Xcode\ iOS/SoFar/OffshoreBudgeting/Views/HelpView.swift (in target 'OffshoreBudgeting' from project 'Offshore')
    cd /Users/Michael/Xcode\ iOS/SoFar
    

SwiftCompile normal x86_64 /Users/Michael/Xcode\ iOS/SoFar/OffshoreBudgeting/Views/HomeView.swift (in target 'OffshoreBudgeting' from project 'Offshore')
    cd /Users/Michael/Xcode\ iOS/SoFar
    
/Users/Michael/Xcode iOS/SoFar/OffshoreBudgeting/Views/HomeView.swift:618:23: error: cannot find 'UBSegmentedControlStyleModifier' in scope
            .modifier(UBSegmentedControlStyleModifier())
                      ^~~~~~~~~~~~~~~~~~~~~~~~~~~~~~~
/Users/Michael/Xcode iOS/SoFar/OffshoreBudgeting/Views/HomeView.swift:638:23: error: cannot find 'UBSegmentedControlStyleModifier' in scope
            .modifier(UBSegmentedControlStyleModifier())
                      ^~~~~~~~~~~~~~~~~~~~~~~~~~~~~~~

SwiftCompile normal x86_64 Compiling\ AddBudgetView.swift,\ AddCardFormView.swift,\ AddIncomeFormView.swift,\ AddPlannedExpenseView.swift /Users/Michael/Xcode\ iOS/SoFar/OffshoreBudgeting/Views/AddBudgetView.swift /Users/Michael/Xcode\ iOS/SoFar/OffshoreBudgeting/Views/AddCardFormView.swift /Users/Michael/Xcode\ iOS/SoFar/OffshoreBudgeting/Views/AddIncomeFormView.swift /Users/Michael/Xcode\ iOS/SoFar/OffshoreBudgeting/Views/AddPlannedExpenseView.swift (in target 'OffshoreBudgeting' from project 'Offshore')

SwiftCompile normal x86_64 /Users/Michael/Xcode\ iOS/SoFar/OffshoreBudgeting/Views/AddBudgetView.swift (in target 'OffshoreBudgeting' from project 'Offshore')
    cd /Users/Michael/Xcode\ iOS/SoFar
    

SwiftCompile normal x86_64 /Users/Michael/Xcode\ iOS/SoFar/OffshoreBudgeting/Views/AddCardFormView.swift (in target 'OffshoreBudgeting' from project 'Offshore')
    cd /Users/Michael/Xcode\ iOS/SoFar
    

SwiftCompile normal x86_64 /Users/Michael/Xcode\ iOS/SoFar/OffshoreBudgeting/Views/AddIncomeFormView.swift (in target 'OffshoreBudgeting' from project 'Offshore')
    cd /Users/Michael/Xcode\ iOS/SoFar
    

SwiftCompile normal x86_64 /Users/Michael/Xcode\ iOS/SoFar/OffshoreBudgeting/Views/AddPlannedExpenseView.swift (in target 'OffshoreBudgeting' from project 'Offshore')
    cd /Users/Michael/Xcode\ iOS/SoFar
    

SwiftCompile normal x86_64 Compiling\ AddUnplannedExpenseView.swift,\ BudgetDetailsView.swift,\ CardDetailView.swift,\ CardPickerItemTile.swift /Users/Michael/Xcode\ iOS/SoFar/OffshoreBudgeting/Views/AddUnplannedExpenseView.swift /Users/Michael/Xcode\ iOS/SoFar/OffshoreBudgeting/Views/BudgetDetailsView.swift /Users/Michael/Xcode\ iOS/SoFar/OffshoreBudgeting/Views/CardDetailView.swift /Users/Michael/Xcode\ iOS/SoFar/OffshoreBudgeting/Views/CardPickerItemTile.swift (in target 'OffshoreBudgeting' from project 'Offshore')

SwiftCompile normal x86_64 /Users/Michael/Xcode\ iOS/SoFar/OffshoreBudgeting/Views/AddUnplannedExpenseView.swift (in target 'OffshoreBudgeting' from project 'Offshore')
    cd /Users/Michael/Xcode\ iOS/SoFar
    

SwiftCompile normal x86_64 /Users/Michael/Xcode\ iOS/SoFar/OffshoreBudgeting/Views/BudgetDetailsView.swift (in target 'OffshoreBudgeting' from project 'Offshore')
    cd /Users/Michael/Xcode\ iOS/SoFar
    

SwiftCompile normal x86_64 /Users/Michael/Xcode\ iOS/SoFar/OffshoreBudgeting/Views/CardDetailView.swift (in target 'OffshoreBudgeting' from project 'Offshore')
    cd /Users/Michael/Xcode\ iOS/SoFar
    

SwiftCompile normal x86_64 /Users/Michael/Xcode\ iOS/SoFar/OffshoreBudgeting/Views/CardPickerItemTile.swift (in target 'OffshoreBudgeting' from project 'Offshore')
    cd /Users/Michael/Xcode\ iOS/SoFar
    

SwiftCompile normal x86_64 Compiling\ IncomeEditorView.swift,\ IncomeView.swift,\ ManageBudgetCardsSheet.swift,\ NoCardTile.swift /Users/Michael/Xcode\ iOS/SoFar/OffshoreBudgeting/Views/IncomeEditorView.swift /Users/Michael/Xcode\ iOS/SoFar/OffshoreBudgeting/Views/IncomeView.swift /Users/Michael/Xcode\ iOS/SoFar/OffshoreBudgeting/Views/ManageBudgetCardsSheet.swift /Users/Michael/Xcode\ iOS/SoFar/OffshoreBudgeting/Views/NoCardTile.swift (in target 'OffshoreBudgeting' from project 'Offshore')
SwiftCompile normal x86_64 /Users/Michael/Xcode\ iOS/SoFar/OffshoreBudgeting/Views/IncomeEditorView.swift (in target 'OffshoreBudgeting' from project 'Offshore')
    cd /Users/Michael/Xcode\ iOS/SoFar
    

SwiftCompile normal x86_64 /Users/Michael/Xcode\ iOS/SoFar/OffshoreBudgeting/Views/IncomeView.swift (in target 'OffshoreBudgeting' from project 'Offshore')
    cd /Users/Michael/Xcode\ iOS/SoFar
    

SwiftCompile normal x86_64 /Users/Michael/Xcode\ iOS/SoFar/OffshoreBudgeting/Views/ManageBudgetCardsSheet.swift (in target 'OffshoreBudgeting' from project 'Offshore')
    cd /Users/Michael/Xcode\ iOS/SoFar
    

SwiftCompile normal x86_64 /Users/Michael/Xcode\ iOS/SoFar/OffshoreBudgeting/Views/NoCardTile.swift (in target 'OffshoreBudgeting' from project 'Offshore')
    cd /Users/Michael/Xcode\ iOS/SoFar
    

SwiftCompile normal x86_64 Compiling\ RootTabHeader.swift,\ RootTabPageScaffold.swift,\ RootViewTopPlanes.swift,\ TranslucentButtonStyle.swift /Users/Michael/Xcode\ iOS/SoFar/OffshoreBudgeting/Views/Components/RootTabHeader.swift /Users/Michael/Xcode\ iOS/SoFar/OffshoreBudgeting/Views/Components/RootTabPageScaffold.swift /Users/Michael/Xcode\ iOS/SoFar/OffshoreBudgeting/Views/Components/RootViewTopPlanes.swift /Users/Michael/Xcode\ iOS/SoFar/OffshoreBudgeting/Views/Components/TranslucentButtonStyle.swift (in target 'OffshoreBudgeting' from project 'Offshore')

SwiftCompile normal x86_64 /Users/Michael/Xcode\ iOS/SoFar/OffshoreBudgeting/Views/Components/RootTabHeader.swift (in target 'OffshoreBudgeting' from project 'Offshore')
    cd /Users/Michael/Xcode\ iOS/SoFar
    

SwiftCompile normal x86_64 /Users/Michael/Xcode\ iOS/SoFar/OffshoreBudgeting/Views/Components/RootTabPageScaffold.swift (in target 'OffshoreBudgeting' from project 'Offshore')
    cd /Users/Michael/Xcode\ iOS/SoFar
    

SwiftCompile normal x86_64 /Users/Michael/Xcode\ iOS/SoFar/OffshoreBudgeting/Views/Components/RootViewTopPlanes.swift (in target 'OffshoreBudgeting' from project 'Offshore')
    cd /Users/Michael/Xcode\ iOS/SoFar
    

SwiftCompile normal x86_64 /Users/Michael/Xcode\ iOS/SoFar/OffshoreBudgeting/Views/Components/TranslucentButtonStyle.swift (in target 'OffshoreBudgeting' from project 'Offshore')
    cd /Users/Michael/Xcode\ iOS/SoFar
    

SwiftEmitModule normal x86_64 Emitting\ module\ for\ Offshore (in target 'OffshoreBudgeting' from project 'Offshore')

EmitSwiftModule normal x86_64 (in target 'OffshoreBudgeting' from project 'Offshore')
    cd /Users/Michael/Xcode\ iOS/SoFar
    

SwiftCompile normal x86_64 Compiling\ RecurrencePickerView.swift,\ RenameCardSheet.swift,\ SettingsView.swift /Users/Michael/Xcode\ iOS/SoFar/OffshoreBudgeting/Views/RecurrencePickerView.swift /Users/Michael/Xcode\ iOS/SoFar/OffshoreBudgeting/Views/RenameCardSheet.swift /Users/Michael/Xcode\ iOS/SoFar/OffshoreBudgeting/Views/SettingsView.swift (in target 'OffshoreBudgeting' from project 'Offshore')

SwiftCompile normal x86_64 /Users/Michael/Xcode\ iOS/SoFar/OffshoreBudgeting/Views/RecurrencePickerView.swift (in target 'OffshoreBudgeting' from project 'Offshore')
    cd /Users/Michael/Xcode\ iOS/SoFar
    

SwiftCompile normal x86_64 /Users/Michael/Xcode\ iOS/SoFar/OffshoreBudgeting/Views/RenameCardSheet.swift (in target 'OffshoreBudgeting' from project 'Offshore')
    cd /Users/Michael/Xcode\ iOS/SoFar
    

SwiftCompile normal x86_64 /Users/Michael/Xcode\ iOS/SoFar/OffshoreBudgeting/Views/SettingsView.swift (in target 'OffshoreBudgeting' from project 'Offshore')
    cd /Users/Michael/Xcode\ iOS/SoFar
    

SwiftExplicitDependencyGeneratePcm arm64 /Users/Michael/Library/Developer/Xcode/DerivedData/ModuleCache.noindex/OSLog-9NO2U3AAXHMEQNCE03GU837XU.pcm

SwiftDriverJobDiscovery normal x86_64 Compiling PlannedExpenseService.swift, RecurrenceEngine.swift, UnplannedExpenseService.swift, Logging.swift (in target 'OffshoreBudgeting' from project 'Offshore')

SwiftExplicitDependencyGeneratePcm arm64 /Users/Michael/Library/Developer/Xcode/DerivedData/ModuleCache.noindex/Accessibility-3DE0G6JADOBH1IHSOOOSWJQEV.pcm

SwiftExplicitDependencyGeneratePcm arm64 /Users/Michael/Library/Developer/Xcode/DerivedData/ModuleCache.noindex/Symbols-D4ZYF0RM2GA6LLTUD0RQV4Z99.pcm

SwiftDriverJobDiscovery normal x86_64 Compiling MotionSupport.swift, OnboardingEnvironment.swift, AddBudgetViewModel.swift, AddIncomeFormViewModel.swift (in target 'OffshoreBudgeting' from project 'Offshore')

SwiftExplicitDependencyGeneratePcm arm64 /Users/Michael/Library/Developer/Xcode/DerivedData/ModuleCache.noindex/UIUtilities-BH7O9BMHNW8KTL8HJEMGR06X2.pcm

SwiftDriverJobDiscovery normal x86_64 Compiling SettingsViewModel.swift, CalendarNavigationButtonStyle.swift, CategoryTotalsRow.swift, GlassCapsuleContainer.swift (in target 'OffshoreBudgeting' from project 'Offshore')

SwiftExplicitDependencyGeneratePcm arm64 /Users/Michael/Library/Developer/Xcode/DerivedData/ModuleCache.noindex/DataDetection-3I3GIXC9YZW3XB6H38VH0VAMS.pcm

SwiftExplicitDependencyGeneratePcm arm64 /Users/Michael/Library/Developer/Xcode/DerivedData/ModuleCache.noindex/UserNotifications-923KDEG8I1P0AV5AD8DMV9QXI.pcm

SwiftExplicitDependencyGeneratePcm arm64 /Users/Michael/Library/Developer/Xcode/DerivedData/ModuleCache.noindex/OpenGLES-9G3KPXFFE2ML0IZIGFGQUYQDV.pcm

SwiftExplicitDependencyGeneratePcm arm64 /Users/Michael/Library/Developer/Xcode/DerivedData/ModuleCache.noindex/CoreTransferable-8NYIR2NOYLLMG35WAT6TEFKO1.pcm

SwiftExplicitDependencyGeneratePcm arm64 /Users/Michael/Library/Developer/Xcode/DerivedData/ModuleCache.noindex/CoreData-439LFND8YTGOW0NTJZAZR6GRE.pcm

