Command line invocation:
    /Applications/Xcode.app/Contents/Developer/usr/bin/xcodebuild -project Offshore.xcodeproj -scheme OffshoreBudgeting -configuration Debug -sdk iphonesimulator -destination "generic/platform=iOS Simulator" build

Build settings from command line:
    SDKROOT = iphonesimulator26.0

Resolve Package Graph


Resolved source packages:
  MijickCalendarView: https://github.com/Mijick/CalendarView.git @ 1.0.0

ComputePackagePrebuildTargetDependencyGraph

Prepare packages

CreateBuildRequest

SendProjectDescription

CreateBuildOperation

ComputeTargetDependencyGraph
note: Building targets in dependency order
note: Target dependency graph (3 targets)
    Target 'OffshoreBudgeting' in project 'Offshore'
        ➜ Explicit dependency on target 'MijickCalendarView' in project 'MijickCalendarView'
    Target 'MijickCalendarView' in project 'MijickCalendarView'
        ➜ Explicit dependency on target 'MijickCalendarView' in project 'MijickCalendarView'
    Target 'MijickCalendarView' in project 'MijickCalendarView' (no dependencies)

GatherProvisioningInputs

CreateBuildDescription

ExecuteExternalTool /Applications/Xcode.app/Contents/Developer/Toolchains/XcodeDefault.xctoolchain/usr/bin/clang -v -E -dM -isysroot /Applications/Xcode.app/Contents/Developer/Platforms/iPhoneSimulator.platform/Developer/SDKs/iPhoneSimulator26.0.sdk -x c -c /dev/null

ExecuteExternalTool /Applications/Xcode.app/Contents/Developer/Toolchains/XcodeDefault.xctoolchain/usr/bin/swiftc --version

ExecuteExternalTool /Applications/Xcode.app/Contents/Developer/usr/bin/momc --dry-run --action generate --swift-version 5.0 --sdkroot /Applications/Xcode.app/Contents/Developer/Platforms/iPhoneSimulator.platform/Developer/SDKs/iPhoneSimulator26.0.sdk --iphonesimulator-deployment-target 15.6 --module Offshore /Users/Michael/Xcode iOS/Offshore/OffshoreBudgeting/OffshoreBudgetingModel.xcdatamodeld /Users/Michael/Library/Developer/Xcode/DerivedData/Offshore-dzckiklseaojwietsvvieqpkcqwy/Build/Intermediates.noindex/Offshore.build/Debug-iphonesimulator/OffshoreBudgeting.build/DerivedSources/CoreDataGenerated/OffshoreBudgetingModel

ExecuteExternalTool /Applications/Xcode.app/Contents/Developer/usr/bin/actool --print-asset-tag-combinations --output-format xml1 /Users/Michael/Xcode iOS/Offshore/OffshoreBudgeting/AppIcon.icon /Users/Michael/Xcode iOS/Offshore/OffshoreBudgeting/Assets.xcassets

ExecuteExternalTool /Applications/Xcode.app/Contents/Developer/Toolchains/XcodeDefault.xctoolchain/usr/bin/ld -version_details

ExecuteExternalTool /Applications/Xcode.app/Contents/Developer/usr/bin/actool --version --output-format xml1

Build description signature: 2f8cb43b75504c4eb7df6b333027534e
Build description path: /Users/Michael/Library/Developer/Xcode/DerivedData/Offshore-dzckiklseaojwietsvvieqpkcqwy/Build/Intermediates.noindex/XCBuildData/2f8cb43b75504c4eb7df6b333027534e.xcbuilddata
ClangStatCache /Applications/Xcode.app/Contents/Developer/Toolchains/XcodeDefault.xctoolchain/usr/bin/clang-stat-cache /Applications/Xcode.app/Contents/Developer/Platforms/iPhoneSimulator.platform/Developer/SDKs/iPhoneSimulator26.0.sdk /Users/Michael/Library/Developer/Xcode/DerivedData/SDKStatCaches.noindex/iphonesimulator26.0-23A339-26257891a6c027eb51374368541b8346.sdkstatcache
    cd /Users/Michael/Xcode\ iOS/Offshore/Offshore.xcodeproj
    /Applications/Xcode.app/Contents/Developer/Toolchains/XcodeDefault.xctoolchain/usr/bin/clang-stat-cache /Applications/Xcode.app/Contents/Developer/Platforms/iPhoneSimulator.platform/Developer/SDKs/iPhoneSimulator26.0.sdk -o /Users/Michael/Library/Developer/Xcode/DerivedData/SDKStatCaches.noindex/iphonesimulator26.0-23A339-26257891a6c027eb51374368541b8346.sdkstatcache

ProcessInfoPlistFile /Users/Michael/Library/Developer/Xcode/DerivedData/Offshore-dzckiklseaojwietsvvieqpkcqwy/Build/Products/Debug-iphonesimulator/Offshore.app/Info.plist /Users/Michael/Xcode\ iOS/Offshore/OffshoreBudgeting/Info.plist (in target 'OffshoreBudgeting' from project 'Offshore')
    cd /Users/Michael/Xcode\ iOS/Offshore
    builtin-infoPlistUtility /Users/Michael/Xcode\ iOS/Offshore/OffshoreBudgeting/Info.plist -producttype com.apple.product-type.application -genpkginfo /Users/Michael/Library/Developer/Xcode/DerivedData/Offshore-dzckiklseaojwietsvvieqpkcqwy/Build/Products/Debug-iphonesimulator/Offshore.app/PkgInfo -expandbuildsettings -format binary -platform iphonesimulator -additionalcontentfile /Users/Michael/Library/Developer/Xcode/DerivedData/Offshore-dzckiklseaojwietsvvieqpkcqwy/Build/Intermediates.noindex/Offshore.build/Debug-iphonesimulator/OffshoreBudgeting.build/assetcatalog_generated_info.plist -o /Users/Michael/Library/Developer/Xcode/DerivedData/Offshore-dzckiklseaojwietsvvieqpkcqwy/Build/Products/Debug-iphonesimulator/Offshore.app/Info.plist
removing entry for "NSServices" - only supported on macOS

CopySwiftLibs /Users/Michael/Library/Developer/Xcode/DerivedData/Offshore-dzckiklseaojwietsvvieqpkcqwy/Build/Products/Debug-iphonesimulator/Offshore.app (in target 'OffshoreBudgeting' from project 'Offshore')
    cd /Users/Michael/Xcode\ iOS/Offshore
    builtin-swiftStdLibTool --copy --verbose --sign - --scan-executable /Users/Michael/Library/Developer/Xcode/DerivedData/Offshore-dzckiklseaojwietsvvieqpkcqwy/Build/Products/Debug-iphonesimulator/Offshore.app/Offshore.debug.dylib --scan-folder /Users/Michael/Library/Developer/Xcode/DerivedData/Offshore-dzckiklseaojwietsvvieqpkcqwy/Build/Products/Debug-iphonesimulator/Offshore.app/Frameworks --scan-folder /Users/Michael/Library/Developer/Xcode/DerivedData/Offshore-dzckiklseaojwietsvvieqpkcqwy/Build/Products/Debug-iphonesimulator/Offshore.app/PlugIns --scan-folder /Users/Michael/Library/Developer/Xcode/DerivedData/Offshore-dzckiklseaojwietsvvieqpkcqwy/Build/Products/Debug-iphonesimulator/Offshore.app/SystemExtensions --scan-folder /Users/Michael/Library/Developer/Xcode/DerivedData/Offshore-dzckiklseaojwietsvvieqpkcqwy/Build/Products/Debug-iphonesimulator/Offshore.app/Extensions --platform iphonesimulator --toolchain /Applications/Xcode.app/Contents/Developer/Toolchains/XcodeDefault.xctoolchain --destination /Users/Michael/Library/Developer/Xcode/DerivedData/Offshore-dzckiklseaojwietsvvieqpkcqwy/Build/Products/Debug-iphonesimulator/Offshore.app/Frameworks --strip-bitcode --strip-bitcode-tool /Applications/Xcode.app/Contents/Developer/Toolchains/XcodeDefault.xctoolchain/usr/bin/bitcode_strip --emit-dependency-info /Users/Michael/Library/Developer/Xcode/DerivedData/Offshore-dzckiklseaojwietsvvieqpkcqwy/Build/Intermediates.noindex/Offshore.build/Debug-iphonesimulator/OffshoreBudgeting.build/SwiftStdLibToolInputDependencies.dep --filter-for-swift-os --back-deploy-swift-span

** BUILD SUCCEEDED **

