Command line invocation:
    /Applications/Xcode.app/Contents/Developer/usr/bin/xcodebuild -scheme OffshoreBudgeting -project Offshore.xcodeproj -destination "platform=macOS,arch=x86_64,variant=Mac Catalyst" build

Resolve Package Graph


Resolved source packages:
  MijickCalendarView: https://github.com/Mijick/CalendarView.git @ 1.0.0

ComputePackagePrebuildTargetDependencyGraph

Prepare packages

CreateBuildRequest

SendProjectDescription

CreateBuildOperation

ComputeTargetDependencyGraph
note: Building targets in dependency order
note: Target dependency graph (3 targets)
    Target 'OffshoreBudgeting' in project 'Offshore'
        ➜ Explicit dependency on target 'MijickCalendarView' in project 'MijickCalendarView'
    Target 'MijickCalendarView' in project 'MijickCalendarView'
        ➜ Explicit dependency on target 'MijickCalendarView' in project 'MijickCalendarView'
    Target 'MijickCalendarView' in project 'MijickCalendarView' (no dependencies)

GatherProvisioningInputs

CreateBuildDescription

ExecuteExternalTool /Applications/Xcode.app/Contents/Developer/Toolchains/XcodeDefault.xctoolchain/usr/bin/clang -v -E -dM -isysroot /Applications/Xcode.app/Contents/Developer/Platforms/MacOSX.platform/Developer/SDKs/MacOSX26.0.sdk -x c -c /dev/null

ExecuteExternalTool /Applications/Xcode.app/Contents/Developer/Toolchains/XcodeDefault.xctoolchain/usr/bin/swiftc --version

ExecuteExternalTool /Applications/Xcode.app/Contents/Developer/usr/bin/momc --dry-run --action generate --swift-version 5.0 --sdkroot /Applications/Xcode.app/Contents/Developer/Platforms/MacOSX.platform/Developer/SDKs/MacOSX26.0.sdk --macosx-deployment-target 12.5 --module Offshore /Users/Michael/Xcode iOS/Offshore/OffshoreBudgeting/OffshoreBudgetingModel.xcdatamodeld /Users/Michael/Library/Developer/Xcode/DerivedData/Offshore-dzckiklseaojwietsvvieqpkcqwy/Build/Intermediates.noindex/Offshore.build/Debug-maccatalyst/OffshoreBudgeting.build/DerivedSources/CoreDataGenerated/OffshoreBudgetingModel

ExecuteExternalTool /Applications/Xcode.app/Contents/Developer/usr/bin/actool --version --output-format xml1

ExecuteExternalTool /Applications/Xcode.app/Contents/Developer/Toolchains/XcodeDefault.xctoolchain/usr/bin/ld -version_details

Build description signature: f4e5eb038535529dc4dead6b2ea2bc8b
Build description path: /Users/Michael/Library/Developer/Xcode/DerivedData/Offshore-dzckiklseaojwietsvvieqpkcqwy/Build/Intermediates.noindex/XCBuildData/f4e5eb038535529dc4dead6b2ea2bc8b.xcbuilddata
ClangStatCache /Applications/Xcode.app/Contents/Developer/Toolchains/XcodeDefault.xctoolchain/usr/bin/clang-stat-cache /Applications/Xcode.app/Contents/Developer/Platforms/MacOSX.platform/Developer/SDKs/MacOSX26.0.sdk /Users/Michael/Library/Developer/Xcode/DerivedData/SDKStatCaches.noindex/macosx26.0-25A352-28806144b0707e398aac92880fa50324.sdkstatcache
    cd /Users/Michael/Xcode\ iOS/Offshore/Offshore.xcodeproj
    /Applications/Xcode.app/Contents/Developer/Toolchains/XcodeDefault.xctoolchain/usr/bin/clang-stat-cache /Applications/Xcode.app/Contents/Developer/Platforms/MacOSX.platform/Developer/SDKs/MacOSX26.0.sdk -o /Users/Michael/Library/Developer/Xcode/DerivedData/SDKStatCaches.noindex/macosx26.0-25A352-28806144b0707e398aac92880fa50324.sdkstatcache
Base directory status changed. Regenerating...

CreateBuildDirectory /Users/Michael/Library/Developer/Xcode/DerivedData/Offshore-dzckiklseaojwietsvvieqpkcqwy/Build/Products/Debug-maccatalyst
    cd /Users/Michael/Xcode\ iOS/Offshore/Offshore.xcodeproj
    builtin-create-build-directory /Users/Michael/Library/Developer/Xcode/DerivedData/Offshore-dzckiklseaojwietsvvieqpkcqwy/Build/Products/Debug-maccatalyst

CreateBuildDirectory /Users/Michael/Library/Developer/Xcode/DerivedData/Offshore-dzckiklseaojwietsvvieqpkcqwy/Build/Intermediates.noindex/EagerLinkingTBDs/Debug-maccatalyst
    cd /Users/Michael/Xcode\ iOS/Offshore/Offshore.xcodeproj
    builtin-create-build-directory /Users/Michael/Library/Developer/Xcode/DerivedData/Offshore-dzckiklseaojwietsvvieqpkcqwy/Build/Intermediates.noindex/EagerLinkingTBDs/Debug-maccatalyst

WriteAuxiliaryFile /Users/Michael/Library/Developer/Xcode/DerivedData/Offshore-dzckiklseaojwietsvvieqpkcqwy/Build/Intermediates.noindex/Offshore.build/Debug-maccatalyst/Offshore-18b78ca503141e196a11e3deb683abb3-VFS-maccatalyst/all-product-headers.yaml
    cd /Users/Michael/Xcode\ iOS/Offshore/Offshore.xcodeproj
    write-file /Users/Michael/Library/Developer/Xcode/DerivedData/Offshore-dzckiklseaojwietsvvieqpkcqwy/Build/Intermediates.noindex/Offshore.build/Debug-maccatalyst/Offshore-18b78ca503141e196a11e3deb683abb3-VFS-maccatalyst/all-product-headers.yaml

CreateBuildDirectory /Users/Michael/Library/Developer/Xcode/DerivedData/Offshore-dzckiklseaojwietsvvieqpkcqwy/Build/Products/Debug-maccatalyst/PackageFrameworks
    cd /Users/Michael/Xcode\ iOS/Offshore/Offshore.xcodeproj
    builtin-create-build-directory /Users/Michael/Library/Developer/Xcode/DerivedData/Offshore-dzckiklseaojwietsvvieqpkcqwy/Build/Products/Debug-maccatalyst/PackageFrameworks

WriteAuxiliaryFile /Users/Michael/Library/Developer/Xcode/DerivedData/Offshore-dzckiklseaojwietsvvieqpkcqwy/Build/Intermediates.noindex/Offshore.build/Debug-maccatalyst/OffshoreBudgeting.build/Offshore-project-headers.hmap (in target 'OffshoreBudgeting' from project 'Offshore')
    cd /Users/Michael/Xcode\ iOS/Offshore
    write-file /Users/Michael/Library/Developer/Xcode/DerivedData/Offshore-dzckiklseaojwietsvvieqpkcqwy/Build/Intermediates.noindex/Offshore.build/Debug-maccatalyst/OffshoreBudgeting.build/Offshore-project-headers.hmap

WriteAuxiliaryFile /Users/Michael/Library/Developer/Xcode/DerivedData/Offshore-dzckiklseaojwietsvvieqpkcqwy/Build/Intermediates.noindex/Offshore.build/Debug-maccatalyst/OffshoreBudgeting.build/Offshore.DependencyStaticMetadataFileList (in target 'OffshoreBudgeting' from project 'Offshore')
    cd /Users/Michael/Xcode\ iOS/Offshore
    write-file /Users/Michael/Library/Developer/Xcode/DerivedData/Offshore-dzckiklseaojwietsvvieqpkcqwy/Build/Intermediates.noindex/Offshore.build/Debug-maccatalyst/OffshoreBudgeting.build/Offshore.DependencyStaticMetadataFileList

WriteAuxiliaryFile /Users/Michael/Library/Developer/Xcode/DerivedData/Offshore-dzckiklseaojwietsvvieqpkcqwy/Build/Intermediates.noindex/Offshore.build/Debug-maccatalyst/OffshoreBudgeting.build/Offshore-own-target-headers.hmap (in target 'OffshoreBudgeting' from project 'Offshore')
    cd /Users/Michael/Xcode\ iOS/Offshore
    write-file /Users/Michael/Library/Developer/Xcode/DerivedData/Offshore-dzckiklseaojwietsvvieqpkcqwy/Build/Intermediates.noindex/Offshore.build/Debug-maccatalyst/OffshoreBudgeting.build/Offshore-own-target-headers.hmap

MkDir /Users/Michael/Library/Developer/Xcode/DerivedData/Offshore-dzckiklseaojwietsvvieqpkcqwy/Build/Products/Debug-maccatalyst/Offshore.app (in target 'OffshoreBudgeting' from project 'Offshore')
    cd /Users/Michael/Xcode\ iOS/Offshore
    /bin/mkdir -p /Users/Michael/Library/Developer/Xcode/DerivedData/Offshore-dzckiklseaojwietsvvieqpkcqwy/Build/Products/Debug-maccatalyst/Offshore.app

WriteAuxiliaryFile /Users/Michael/Library/Developer/Xcode/DerivedData/Offshore-dzckiklseaojwietsvvieqpkcqwy/Build/Intermediates.noindex/Offshore.build/Debug-maccatalyst/OffshoreBudgeting.build/Offshore-DebugDylibPath-normal-x86_64.txt (in target 'OffshoreBudgeting' from project 'Offshore')
    cd /Users/Michael/Xcode\ iOS/Offshore
    write-file /Users/Michael/Library/Developer/Xcode/DerivedData/Offshore-dzckiklseaojwietsvvieqpkcqwy/Build/Intermediates.noindex/Offshore.build/Debug-maccatalyst/OffshoreBudgeting.build/Offshore-DebugDylibPath-normal-x86_64.txt

WriteAuxiliaryFile /Users/Michael/Library/Developer/Xcode/DerivedData/Offshore-dzckiklseaojwietsvvieqpkcqwy/Build/Intermediates.noindex/Offshore.build/Debug-maccatalyst/OffshoreBudgeting.build/Offshore.hmap (in target 'OffshoreBudgeting' from project 'Offshore')
    cd /Users/Michael/Xcode\ iOS/Offshore
    write-file /Users/Michael/Library/Developer/Xcode/DerivedData/Offshore-dzckiklseaojwietsvvieqpkcqwy/Build/Intermediates.noindex/Offshore.build/Debug-maccatalyst/OffshoreBudgeting.build/Offshore.hmap

WriteAuxiliaryFile /Users/Michael/Library/Developer/Xcode/DerivedData/Offshore-dzckiklseaojwietsvvieqpkcqwy/Build/Intermediates.noindex/Offshore.build/Debug-maccatalyst/OffshoreBudgeting.build/Offshore-all-non-framework-target-headers.hmap (in target 'OffshoreBudgeting' from project 'Offshore')
    cd /Users/Michael/Xcode\ iOS/Offshore
    write-file /Users/Michael/Library/Developer/Xcode/DerivedData/Offshore-dzckiklseaojwietsvvieqpkcqwy/Build/Intermediates.noindex/Offshore.build/Debug-maccatalyst/OffshoreBudgeting.build/Offshore-all-non-framework-target-headers.hmap

WriteAuxiliaryFile /Users/Michael/Library/Developer/Xcode/DerivedData/Offshore-dzckiklseaojwietsvvieqpkcqwy/Build/Intermediates.noindex/Offshore.build/Debug-maccatalyst/OffshoreBudgeting.build/Offshore-generated-files.hmap (in target 'OffshoreBudgeting' from project 'Offshore')
    cd /Users/Michael/Xcode\ iOS/Offshore
    write-file /Users/Michael/Library/Developer/Xcode/DerivedData/Offshore-dzckiklseaojwietsvvieqpkcqwy/Build/Intermediates.noindex/Offshore.build/Debug-maccatalyst/OffshoreBudgeting.build/Offshore-generated-files.hmap

WriteAuxiliaryFile /Users/Michael/Library/Developer/Xcode/DerivedData/Offshore-dzckiklseaojwietsvvieqpkcqwy/Build/Intermediates.noindex/Offshore.build/Debug-maccatalyst/OffshoreBudgeting.build/Offshore-all-target-headers.hmap (in target 'OffshoreBudgeting' from project 'Offshore')
    cd /Users/Michael/Xcode\ iOS/Offshore
    write-file /Users/Michael/Library/Developer/Xcode/DerivedData/Offshore-dzckiklseaojwietsvvieqpkcqwy/Build/Intermediates.noindex/Offshore.build/Debug-maccatalyst/OffshoreBudgeting.build/Offshore-all-target-headers.hmap

WriteAuxiliaryFile /Users/Michael/Library/Developer/Xcode/DerivedData/Offshore-dzckiklseaojwietsvvieqpkcqwy/Build/Intermediates.noindex/Offshore.build/Debug-maccatalyst/OffshoreBudgeting.build/Offshore-DebugDylibInstallName-normal-x86_64.txt (in target 'OffshoreBudgeting' from project 'Offshore')
    cd /Users/Michael/Xcode\ iOS/Offshore
    write-file /Users/Michael/Library/Developer/Xcode/DerivedData/Offshore-dzckiklseaojwietsvvieqpkcqwy/Build/Intermediates.noindex/Offshore.build/Debug-maccatalyst/OffshoreBudgeting.build/Offshore-DebugDylibInstallName-normal-x86_64.txt

WriteAuxiliaryFile /Users/Michael/Library/Developer/Xcode/DerivedData/Offshore-dzckiklseaojwietsvvieqpkcqwy/Build/Intermediates.noindex/Offshore.build/Debug-maccatalyst/OffshoreBudgeting.build/DerivedSources/Entitlements.plist (in target 'OffshoreBudgeting' from project 'Offshore')
    cd /Users/Michael/Xcode\ iOS/Offshore
    write-file /Users/Michael/Library/Developer/Xcode/DerivedData/Offshore-dzckiklseaojwietsvvieqpkcqwy/Build/Intermediates.noindex/Offshore.build/Debug-maccatalyst/OffshoreBudgeting.build/DerivedSources/Entitlements.plist

MkDir /Users/Michael/Library/Developer/Xcode/DerivedData/Offshore-dzckiklseaojwietsvvieqpkcqwy/Build/Products/Debug-maccatalyst/Offshore.app/Contents/Resources (in target 'OffshoreBudgeting' from project 'Offshore')
    cd /Users/Michael/Xcode\ iOS/Offshore
    /bin/mkdir -p /Users/Michael/Library/Developer/Xcode/DerivedData/Offshore-dzckiklseaojwietsvvieqpkcqwy/Build/Products/Debug-maccatalyst/Offshore.app/Contents/Resources

WriteAuxiliaryFile /Users/Michael/Library/Developer/Xcode/DerivedData/Offshore-dzckiklseaojwietsvvieqpkcqwy/Build/Intermediates.noindex/Offshore.build/Debug-maccatalyst/OffshoreBudgeting.build/Objects-normal/x86_64/OffshoreBudgeting-OutputFileMap.json (in target 'OffshoreBudgeting' from project 'Offshore')
    cd /Users/Michael/Xcode\ iOS/Offshore
    write-file /Users/Michael/Library/Developer/Xcode/DerivedData/Offshore-dzckiklseaojwietsvvieqpkcqwy/Build/Intermediates.noindex/Offshore.build/Debug-maccatalyst/OffshoreBudgeting.build/Objects-normal/x86_64/OffshoreBudgeting-OutputFileMap.json

WriteAuxiliaryFile /Users/Michael/Library/Developer/Xcode/DerivedData/Offshore-dzckiklseaojwietsvvieqpkcqwy/Build/Intermediates.noindex/Offshore.build/Debug-maccatalyst/OffshoreBudgeting.build/Objects-normal/x86_64/OffshoreBudgeting_const_extract_protocols.json (in target 'OffshoreBudgeting' from project 'Offshore')
    cd /Users/Michael/Xcode\ iOS/Offshore
    write-file /Users/Michael/Library/Developer/Xcode/DerivedData/Offshore-dzckiklseaojwietsvvieqpkcqwy/Build/Intermediates.noindex/Offshore.build/Debug-maccatalyst/OffshoreBudgeting.build/Objects-normal/x86_64/OffshoreBudgeting_const_extract_protocols.json

WriteAuxiliaryFile /Users/Michael/Library/Developer/Xcode/DerivedData/Offshore-dzckiklseaojwietsvvieqpkcqwy/Build/Intermediates.noindex/Offshore.build/Debug-maccatalyst/OffshoreBudgeting.build/Objects-normal/x86_64/Offshore.LinkFileList (in target 'OffshoreBudgeting' from project 'Offshore')
    cd /Users/Michael/Xcode\ iOS/Offshore
    write-file /Users/Michael/Library/Developer/Xcode/DerivedData/Offshore-dzckiklseaojwietsvvieqpkcqwy/Build/Intermediates.noindex/Offshore.build/Debug-maccatalyst/OffshoreBudgeting.build/Objects-normal/x86_64/Offshore.LinkFileList

WriteAuxiliaryFile /Users/Michael/Library/Developer/Xcode/DerivedData/Offshore-dzckiklseaojwietsvvieqpkcqwy/Build/Intermediates.noindex/Offshore.build/Debug-maccatalyst/OffshoreBudgeting.build/Offshore.DependencyMetadataFileList (in target 'OffshoreBudgeting' from project 'Offshore')
    cd /Users/Michael/Xcode\ iOS/Offshore
    write-file /Users/Michael/Library/Developer/Xcode/DerivedData/Offshore-dzckiklseaojwietsvvieqpkcqwy/Build/Intermediates.noindex/Offshore.build/Debug-maccatalyst/OffshoreBudgeting.build/Offshore.DependencyMetadataFileList

WriteAuxiliaryFile /Users/Michael/Library/Developer/Xcode/DerivedData/Offshore-dzckiklseaojwietsvvieqpkcqwy/Build/Intermediates.noindex/Offshore.build/Debug-maccatalyst/OffshoreBudgeting.build/Objects-normal/x86_64/Offshore.SwiftFileList (in target 'OffshoreBudgeting' from project 'Offshore')
    cd /Users/Michael/Xcode\ iOS/Offshore
    write-file /Users/Michael/Library/Developer/Xcode/DerivedData/Offshore-dzckiklseaojwietsvvieqpkcqwy/Build/Intermediates.noindex/Offshore.build/Debug-maccatalyst/OffshoreBudgeting.build/Objects-normal/x86_64/Offshore.SwiftFileList

WriteAuxiliaryFile /Users/Michael/Library/Developer/Xcode/DerivedData/Offshore-dzckiklseaojwietsvvieqpkcqwy/Build/Intermediates.noindex/Offshore.build/Debug-maccatalyst/OffshoreBudgeting.build/Objects-normal/x86_64/Offshore.SwiftConstValuesFileList (in target 'OffshoreBudgeting' from project 'Offshore')
    cd /Users/Michael/Xcode\ iOS/Offshore
    write-file /Users/Michael/Library/Developer/Xcode/DerivedData/Offshore-dzckiklseaojwietsvvieqpkcqwy/Build/Intermediates.noindex/Offshore.build/Debug-maccatalyst/OffshoreBudgeting.build/Objects-normal/x86_64/Offshore.SwiftConstValuesFileList

WriteAuxiliaryFile /Users/Michael/Library/Developer/Xcode/DerivedData/Offshore-dzckiklseaojwietsvvieqpkcqwy/Build/Intermediates.noindex/MijickCalendarView.build/Debug-maccatalyst/MijickCalendarView.build/MijickCalendarView.modulemap (in target 'MijickCalendarView' from project 'MijickCalendarView')
    cd /Users/Michael/Library/Developer/Xcode/DerivedData/Offshore-dzckiklseaojwietsvvieqpkcqwy/SourcePackages/checkouts/CalendarView
    write-file /Users/Michael/Library/Developer/Xcode/DerivedData/Offshore-dzckiklseaojwietsvvieqpkcqwy/Build/Intermediates.noindex/MijickCalendarView.build/Debug-maccatalyst/MijickCalendarView.build/MijickCalendarView.modulemap

WriteAuxiliaryFile /Users/Michael/Library/Developer/Xcode/DerivedData/Offshore-dzckiklseaojwietsvvieqpkcqwy/Build/Intermediates.noindex/MijickCalendarView.build/Debug-maccatalyst/MijickCalendarView.build/MijickCalendarView.DependencyStaticMetadataFileList (in target 'MijickCalendarView' from project 'MijickCalendarView')
    cd /Users/Michael/Library/Developer/Xcode/DerivedData/Offshore-dzckiklseaojwietsvvieqpkcqwy/SourcePackages/checkouts/CalendarView
    write-file /Users/Michael/Library/Developer/Xcode/DerivedData/Offshore-dzckiklseaojwietsvvieqpkcqwy/Build/Intermediates.noindex/MijickCalendarView.build/Debug-maccatalyst/MijickCalendarView.build/MijickCalendarView.DependencyStaticMetadataFileList

WriteAuxiliaryFile /Users/Michael/Library/Developer/Xcode/DerivedData/Offshore-dzckiklseaojwietsvvieqpkcqwy/Build/Intermediates.noindex/MijickCalendarView.build/Debug-maccatalyst/MijickCalendarView.build/MijickCalendarView.DependencyMetadataFileList (in target 'MijickCalendarView' from project 'MijickCalendarView')
    cd /Users/Michael/Library/Developer/Xcode/DerivedData/Offshore-dzckiklseaojwietsvvieqpkcqwy/SourcePackages/checkouts/CalendarView
    write-file /Users/Michael/Library/Developer/Xcode/DerivedData/Offshore-dzckiklseaojwietsvvieqpkcqwy/Build/Intermediates.noindex/MijickCalendarView.build/Debug-maccatalyst/MijickCalendarView.build/MijickCalendarView.DependencyMetadataFileList

MkDir /Users/Michael/Library/Developer/Xcode/DerivedData/Offshore-dzckiklseaojwietsvvieqpkcqwy/Build/Products/Debug-maccatalyst/Offshore.app/Contents/MacOS (in target 'OffshoreBudgeting' from project 'Offshore')
    cd /Users/Michael/Xcode\ iOS/Offshore
    /bin/mkdir -p /Users/Michael/Library/Developer/Xcode/DerivedData/Offshore-dzckiklseaojwietsvvieqpkcqwy/Build/Products/Debug-maccatalyst/Offshore.app/Contents/MacOS

WriteAuxiliaryFile /Users/Michael/Library/Developer/Xcode/DerivedData/Offshore-dzckiklseaojwietsvvieqpkcqwy/Build/Intermediates.noindex/MijickCalendarView.build/Debug-maccatalyst/MijickCalendarView.build/Objects-normal/x86_64/MijickCalendarView.SwiftFileList (in target 'MijickCalendarView' from project 'MijickCalendarView')
    cd /Users/Michael/Library/Developer/Xcode/DerivedData/Offshore-dzckiklseaojwietsvvieqpkcqwy/SourcePackages/checkouts/CalendarView
    write-file /Users/Michael/Library/Developer/Xcode/DerivedData/Offshore-dzckiklseaojwietsvvieqpkcqwy/Build/Intermediates.noindex/MijickCalendarView.build/Debug-maccatalyst/MijickCalendarView.build/Objects-normal/x86_64/MijickCalendarView.SwiftFileList

WriteAuxiliaryFile /Users/Michael/Library/Developer/Xcode/DerivedData/Offshore-dzckiklseaojwietsvvieqpkcqwy/Build/Intermediates.noindex/MijickCalendarView.build/Debug-maccatalyst/MijickCalendarView.build/Objects-normal/x86_64/MijickCalendarView.SwiftConstValuesFileList (in target 'MijickCalendarView' from project 'MijickCalendarView')
    cd /Users/Michael/Library/Developer/Xcode/DerivedData/Offshore-dzckiklseaojwietsvvieqpkcqwy/SourcePackages/checkouts/CalendarView
    write-file /Users/Michael/Library/Developer/Xcode/DerivedData/Offshore-dzckiklseaojwietsvvieqpkcqwy/Build/Intermediates.noindex/MijickCalendarView.build/Debug-maccatalyst/MijickCalendarView.build/Objects-normal/x86_64/MijickCalendarView.SwiftConstValuesFileList

WriteAuxiliaryFile /Users/Michael/Library/Developer/Xcode/DerivedData/Offshore-dzckiklseaojwietsvvieqpkcqwy/Build/Intermediates.noindex/MijickCalendarView.build/Debug-maccatalyst/MijickCalendarView.build/Objects-normal/x86_64/MijickCalendarView-OutputFileMap.json (in target 'MijickCalendarView' from project 'MijickCalendarView')
    cd /Users/Michael/Library/Developer/Xcode/DerivedData/Offshore-dzckiklseaojwietsvvieqpkcqwy/SourcePackages/checkouts/CalendarView
    write-file /Users/Michael/Library/Developer/Xcode/DerivedData/Offshore-dzckiklseaojwietsvvieqpkcqwy/Build/Intermediates.noindex/MijickCalendarView.build/Debug-maccatalyst/MijickCalendarView.build/Objects-normal/x86_64/MijickCalendarView-OutputFileMap.json

WriteAuxiliaryFile /Users/Michael/Library/Developer/Xcode/DerivedData/Offshore-dzckiklseaojwietsvvieqpkcqwy/Build/Intermediates.noindex/MijickCalendarView.build/Debug-maccatalyst/MijickCalendarView.build/Objects-normal/x86_64/MijickCalendarView_const_extract_protocols.json (in target 'MijickCalendarView' from project 'MijickCalendarView')
    cd /Users/Michael/Library/Developer/Xcode/DerivedData/Offshore-dzckiklseaojwietsvvieqpkcqwy/SourcePackages/checkouts/CalendarView
    write-file /Users/Michael/Library/Developer/Xcode/DerivedData/Offshore-dzckiklseaojwietsvvieqpkcqwy/Build/Intermediates.noindex/MijickCalendarView.build/Debug-maccatalyst/MijickCalendarView.build/Objects-normal/x86_64/MijickCalendarView_const_extract_protocols.json

WriteAuxiliaryFile /Users/Michael/Library/Developer/Xcode/DerivedData/Offshore-dzckiklseaojwietsvvieqpkcqwy/Build/Intermediates.noindex/MijickCalendarView.build/Debug-maccatalyst/MijickCalendarView.build/Objects-normal/x86_64/MijickCalendarView.LinkFileList (in target 'MijickCalendarView' from project 'MijickCalendarView')
    cd /Users/Michael/Library/Developer/Xcode/DerivedData/Offshore-dzckiklseaojwietsvvieqpkcqwy/SourcePackages/checkouts/CalendarView
    write-file /Users/Michael/Library/Developer/Xcode/DerivedData/Offshore-dzckiklseaojwietsvvieqpkcqwy/Build/Intermediates.noindex/MijickCalendarView.build/Debug-maccatalyst/MijickCalendarView.build/Objects-normal/x86_64/MijickCalendarView.LinkFileList

MkDir /Users/Michael/Library/Developer/Xcode/DerivedData/Offshore-dzckiklseaojwietsvvieqpkcqwy/Build/Products/Debug-maccatalyst/Offshore.app/Contents (in target 'OffshoreBudgeting' from project 'Offshore')
    cd /Users/Michael/Xcode\ iOS/Offshore
    /bin/mkdir -p /Users/Michael/Library/Developer/Xcode/DerivedData/Offshore-dzckiklseaojwietsvvieqpkcqwy/Build/Products/Debug-maccatalyst/Offshore.app/Contents

Copy /Users/Michael/Library/Developer/Xcode/DerivedData/Offshore-dzckiklseaojwietsvvieqpkcqwy/Build/Intermediates.noindex/GeneratedModuleMaps-maccatalyst/MijickCalendarView.modulemap /Users/Michael/Library/Developer/Xcode/DerivedData/Offshore-dzckiklseaojwietsvvieqpkcqwy/Build/Intermediates.noindex/MijickCalendarView.build/Debug-maccatalyst/MijickCalendarView.build/MijickCalendarView.modulemap (in target 'MijickCalendarView' from project 'MijickCalendarView')
    cd /Users/Michael/Library/Developer/Xcode/DerivedData/Offshore-dzckiklseaojwietsvvieqpkcqwy/SourcePackages/checkouts/CalendarView
    builtin-copy -exclude .DS_Store -exclude CVS -exclude .svn -exclude .git -exclude .hg -resolve-src-symlinks /Users/Michael/Library/Developer/Xcode/DerivedData/Offshore-dzckiklseaojwietsvvieqpkcqwy/Build/Intermediates.noindex/MijickCalendarView.build/Debug-maccatalyst/MijickCalendarView.build/MijickCalendarView.modulemap /Users/Michael/Library/Developer/Xcode/DerivedData/Offshore-dzckiklseaojwietsvvieqpkcqwy/Build/Intermediates.noindex/GeneratedModuleMaps-maccatalyst

SwiftDriver MijickCalendarView normal x86_64 com.apple.xcode.tools.swift.compiler (in target 'MijickCalendarView' from project 'MijickCalendarView')
    cd /Users/Michael/Xcode\ iOS/Offshore/Offshore.xcodeproj
    builtin-SwiftDriver -- /Applications/Xcode.app/Contents/Developer/Toolchains/XcodeDefault.xctoolchain/usr/bin/swiftc -module-name MijickCalendarView -Onone -enforce-exclusivity\=checked @/Users/Michael/Library/Developer/Xcode/DerivedData/Offshore-dzckiklseaojwietsvvieqpkcqwy/Build/Intermediates.noindex/MijickCalendarView.build/Debug-maccatalyst/MijickCalendarView.build/Objects-normal/x86_64/MijickCalendarView.SwiftFileList -DSWIFT_PACKAGE -DDEBUG -DSWIFT_MODULE_RESOURCE_BUNDLE_UNAVAILABLE -DXcode -plugin-path /Applications/Xcode.app/Contents/Developer/Toolchains/XcodeDefault.xctoolchain/usr/lib/swift/host/plugins/testing -enable-experimental-feature DebugDescriptionMacro -sdk /Applications/Xcode.app/Contents/Developer/Platforms/MacOSX.platform/Developer/SDKs/MacOSX26.0.sdk -target x86_64-apple-ios14.0-macabi -g -module-cache-path /Users/Michael/Library/Developer/Xcode/DerivedData/ModuleCache.noindex -Xfrontend -serialize-debugging-options -profile-coverage-mapping -profile-generate -enable-testing -suppress-warnings -index-store-path /Users/Michael/Library/Developer/Xcode/DerivedData/Offshore-dzckiklseaojwietsvvieqpkcqwy/Index.noindex/DataStore -Xcc -D_LIBCPP_HARDENING_MODE\=_LIBCPP_HARDENING_MODE_DEBUG -swift-version 5 -I /Users/Michael/Library/Developer/Xcode/DerivedData/Offshore-dzckiklseaojwietsvvieqpkcqwy/Build/Products/Debug-maccatalyst -Isystem /Applications/Xcode.app/Contents/Developer/Platforms/MacOSX.platform/Developer/usr/lib -F /Users/Michael/Library/Developer/Xcode/DerivedData/Offshore-dzckiklseaojwietsvvieqpkcqwy/Build/Products/Debug-maccatalyst -Fsystem /Applications/Xcode.app/Contents/Developer/Platforms/MacOSX.platform/Developer/SDKs/MacOSX26.0.sdk/System/iOSSupport/System/Library/Frameworks -Fsystem /Applications/Xcode.app/Contents/Developer/Platforms/MacOSX.platform/Developer/SDKs/MacOSX26.0.sdk/System/iOSSupport/System/Library/SubFrameworks -F /Applications/Xcode.app/Contents/Developer/Platforms/MacOSX.platform/Developer/Library/Frameworks -c -j16 -enable-batch-mode -incremental -Xcc -ivfsstatcache -Xcc /Users/Michael/Library/Developer/Xcode/DerivedData/SDKStatCaches.noindex/macosx26.0-25A352-28806144b0707e398aac92880fa50324.sdkstatcache -output-file-map /Users/Michael/Library/Developer/Xcode/DerivedData/Offshore-dzckiklseaojwietsvvieqpkcqwy/Build/Intermediates.noindex/MijickCalendarView.build/Debug-maccatalyst/MijickCalendarView.build/Objects-normal/x86_64/MijickCalendarView-OutputFileMap.json -use-frontend-parseable-output -save-temps -no-color-diagnostics -explicit-module-build -module-cache-path /Users/Michael/Library/Developer/Xcode/DerivedData/Offshore-dzckiklseaojwietsvvieqpkcqwy/Build/Intermediates.noindex/SwiftExplicitPrecompiledModules -clang-scanner-module-cache-path /Users/Michael/Library/Developer/Xcode/DerivedData/ModuleCache.noindex -sdk-module-cache-path /Users/Michael/Library/Developer/Xcode/DerivedData/ModuleCache.noindex -serialize-diagnostics -emit-dependencies -emit-module -emit-module-path /Users/Michael/Library/Developer/Xcode/DerivedData/Offshore-dzckiklseaojwietsvvieqpkcqwy/Build/Intermediates.noindex/MijickCalendarView.build/Debug-maccatalyst/MijickCalendarView.build/Objects-normal/x86_64/MijickCalendarView.swiftmodule -validate-clang-modules-once -clang-build-session-file /Users/Michael/Library/Developer/Xcode/DerivedData/ModuleCache.noindex/Session.modulevalidation -Xcc -I/Users/Michael/Library/Developer/Xcode/DerivedData/Offshore-dzckiklseaojwietsvvieqpkcqwy/Build/Intermediates.noindex/MijickCalendarView.build/Debug-maccatalyst/MijickCalendarView.build/swift-overrides.hmap -emit-const-values -Xfrontend -const-gather-protocols-file -Xfrontend /Users/Michael/Library/Developer/Xcode/DerivedData/Offshore-dzckiklseaojwietsvvieqpkcqwy/Build/Intermediates.noindex/MijickCalendarView.build/Debug-maccatalyst/MijickCalendarView.build/Objects-normal/x86_64/MijickCalendarView_const_extract_protocols.json -Xcc -I/Users/Michael/Library/Developer/Xcode/DerivedData/Offshore-dzckiklseaojwietsvvieqpkcqwy/Build/Products/Debug-maccatalyst/include -Xcc -isystem -Xcc /Applications/Xcode.app/Contents/Developer/Platforms/MacOSX.platform/Developer/SDKs/MacOSX26.0.sdk/System/iOSSupport/usr/include -Xcc -I/Users/Michael/Library/Developer/Xcode/DerivedData/Offshore-dzckiklseaojwietsvvieqpkcqwy/Build/Intermediates.noindex/MijickCalendarView.build/Debug-maccatalyst/MijickCalendarView.build/DerivedSources-normal/x86_64 -Xcc -I/Users/Michael/Library/Developer/Xcode/DerivedData/Offshore-dzckiklseaojwietsvvieqpkcqwy/Build/Intermediates.noindex/MijickCalendarView.build/Debug-maccatalyst/MijickCalendarView.build/DerivedSources/x86_64 -Xcc -I/Users/Michael/Library/Developer/Xcode/DerivedData/Offshore-dzckiklseaojwietsvvieqpkcqwy/Build/Intermediates.noindex/MijickCalendarView.build/Debug-maccatalyst/MijickCalendarView.build/DerivedSources -Xcc -DSWIFT_PACKAGE -Xcc -DDEBUG\=1 -emit-objc-header -emit-objc-header-path /Users/Michael/Library/Developer/Xcode/DerivedData/Offshore-dzckiklseaojwietsvvieqpkcqwy/Build/Intermediates.noindex/MijickCalendarView.build/Debug-maccatalyst/MijickCalendarView.build/Objects-normal/x86_64/MijickCalendarView-Swift.h -working-directory /Users/Michael/Xcode\ iOS/Offshore/Offshore.xcodeproj -experimental-emit-module-separately -disable-cmo

SwiftCompile normal x86_64 Compiling\ Date++.swift,\ View++.swift /Users/Michael/Library/Developer/Xcode/DerivedData/Offshore-dzckiklseaojwietsvvieqpkcqwy/SourcePackages/checkouts/CalendarView/Sources/Internal/Extensions/Date++.swift /Users/Michael/Library/Developer/Xcode/DerivedData/Offshore-dzckiklseaojwietsvvieqpkcqwy/SourcePackages/checkouts/CalendarView/Sources/Internal/Extensions/View++.swift (in target 'MijickCalendarView' from project 'MijickCalendarView')

SwiftCompile normal x86_64 /Users/Michael/Library/Developer/Xcode/DerivedData/Offshore-dzckiklseaojwietsvvieqpkcqwy/SourcePackages/checkouts/CalendarView/Sources/Internal/Extensions/Date++.swift (in target 'MijickCalendarView' from project 'MijickCalendarView')
    cd /Users/Michael/Xcode\ iOS/Offshore/Offshore.xcodeproj
    

SwiftCompile normal x86_64 /Users/Michael/Library/Developer/Xcode/DerivedData/Offshore-dzckiklseaojwietsvvieqpkcqwy/SourcePackages/checkouts/CalendarView/Sources/Internal/Extensions/View++.swift (in target 'MijickCalendarView' from project 'MijickCalendarView')
    cd /Users/Michael/Xcode\ iOS/Offshore/Offshore.xcodeproj
    

SwiftCompile normal x86_64 Compiling\ MDateFormatter.swift,\ MCalendar.swift /Users/Michael/Library/Developer/Xcode/DerivedData/Offshore-dzckiklseaojwietsvvieqpkcqwy/SourcePackages/checkouts/CalendarView/Sources/Internal/Helpers/MDateFormatter.swift /Users/Michael/Library/Developer/Xcode/DerivedData/Offshore-dzckiklseaojwietsvvieqpkcqwy/SourcePackages/checkouts/CalendarView/Sources/Internal/Models/MCalendar.swift (in target 'MijickCalendarView' from project 'MijickCalendarView')
SwiftCompile normal x86_64 /Users/Michael/Library/Developer/Xcode/DerivedData/Offshore-dzckiklseaojwietsvvieqpkcqwy/SourcePackages/checkouts/CalendarView/Sources/Internal/Helpers/MDateFormatter.swift (in target 'MijickCalendarView' from project 'MijickCalendarView')
    cd /Users/Michael/Xcode\ iOS/Offshore/Offshore.xcodeproj
    

SwiftCompile normal x86_64 /Users/Michael/Library/Developer/Xcode/DerivedData/Offshore-dzckiklseaojwietsvvieqpkcqwy/SourcePackages/checkouts/CalendarView/Sources/Internal/Models/MCalendar.swift (in target 'MijickCalendarView' from project 'MijickCalendarView')
    cd /Users/Michael/Xcode\ iOS/Offshore/Offshore.xcodeproj
    

SwiftCompile normal x86_64 Compiling\ MDateRange.swift,\ Configurable.swift /Users/Michael/Library/Developer/Xcode/DerivedData/Offshore-dzckiklseaojwietsvvieqpkcqwy/SourcePackages/checkouts/CalendarView/Sources/Internal/Models/MDateRange.swift /Users/Michael/Library/Developer/Xcode/DerivedData/Offshore-dzckiklseaojwietsvvieqpkcqwy/SourcePackages/checkouts/CalendarView/Sources/Internal/Protocols/Configurable.swift (in target 'MijickCalendarView' from project 'MijickCalendarView')
SwiftCompile normal x86_64 /Users/Michael/Library/Developer/Xcode/DerivedData/Offshore-dzckiklseaojwietsvvieqpkcqwy/SourcePackages/checkouts/CalendarView/Sources/Internal/Models/MDateRange.swift (in target 'MijickCalendarView' from project 'MijickCalendarView')
    cd /Users/Michael/Xcode\ iOS/Offshore/Offshore.xcodeproj
    

SwiftCompile normal x86_64 /Users/Michael/Library/Developer/Xcode/DerivedData/Offshore-dzckiklseaojwietsvvieqpkcqwy/SourcePackages/checkouts/CalendarView/Sources/Internal/Protocols/Configurable.swift (in target 'MijickCalendarView' from project 'MijickCalendarView')
    cd /Users/Michael/Xcode\ iOS/Offshore/Offshore.xcodeproj
    

SwiftCompile normal x86_64 Compiling\ AnyWeekdayLabel.swift,\ Color++.swift /Users/Michael/Library/Developer/Xcode/DerivedData/Offshore-dzckiklseaojwietsvvieqpkcqwy/SourcePackages/checkouts/CalendarView/Sources/Internal/Erasers/AnyWeekdayLabel.swift /Users/Michael/Library/Developer/Xcode/DerivedData/Offshore-dzckiklseaojwietsvvieqpkcqwy/SourcePackages/checkouts/CalendarView/Sources/Internal/Extensions/Color++.swift (in target 'MijickCalendarView' from project 'MijickCalendarView')
SwiftCompile normal x86_64 /Users/Michael/Library/Developer/Xcode/DerivedData/Offshore-dzckiklseaojwietsvvieqpkcqwy/SourcePackages/checkouts/CalendarView/Sources/Internal/Erasers/AnyWeekdayLabel.swift (in target 'MijickCalendarView' from project 'MijickCalendarView')
    cd /Users/Michael/Xcode\ iOS/Offshore/Offshore.xcodeproj
    

SwiftCompile normal x86_64 /Users/Michael/Library/Developer/Xcode/DerivedData/Offshore-dzckiklseaojwietsvvieqpkcqwy/SourcePackages/checkouts/CalendarView/Sources/Internal/Extensions/Color++.swift (in target 'MijickCalendarView' from project 'MijickCalendarView')
    cd /Users/Michael/Xcode\ iOS/Offshore/Offshore.xcodeproj
    

SwiftCompile normal x86_64 Compiling\ Data.MCalendarView.swift,\ Data.MonthView.swift /Users/Michael/Library/Developer/Xcode/DerivedData/Offshore-dzckiklseaojwietsvvieqpkcqwy/SourcePackages/checkouts/CalendarView/Sources/Internal/Data/Data.MCalendarView.swift /Users/Michael/Library/Developer/Xcode/DerivedData/Offshore-dzckiklseaojwietsvvieqpkcqwy/SourcePackages/checkouts/CalendarView/Sources/Internal/Data/Data.MonthView.swift (in target 'MijickCalendarView' from project 'MijickCalendarView')
SwiftCompile normal x86_64 /Users/Michael/Library/Developer/Xcode/DerivedData/Offshore-dzckiklseaojwietsvvieqpkcqwy/SourcePackages/checkouts/CalendarView/Sources/Internal/Data/Data.MCalendarView.swift (in target 'MijickCalendarView' from project 'MijickCalendarView')
    cd /Users/Michael/Xcode\ iOS/Offshore/Offshore.xcodeproj
    

SwiftCompile normal x86_64 /Users/Michael/Library/Developer/Xcode/DerivedData/Offshore-dzckiklseaojwietsvvieqpkcqwy/SourcePackages/checkouts/CalendarView/Sources/Internal/Data/Data.MonthView.swift (in target 'MijickCalendarView' from project 'MijickCalendarView')
    cd /Users/Michael/Xcode\ iOS/Offshore/Offshore.xcodeproj
    

SwiftCompile normal x86_64 Compiling\ Data.swift,\ MWeekday.swift /Users/Michael/Library/Developer/Xcode/DerivedData/Offshore-dzckiklseaojwietsvvieqpkcqwy/SourcePackages/checkouts/CalendarView/Sources/Internal/Data/Data.swift /Users/Michael/Library/Developer/Xcode/DerivedData/Offshore-dzckiklseaojwietsvvieqpkcqwy/SourcePackages/checkouts/CalendarView/Sources/Internal/Enums/MWeekday.swift (in target 'MijickCalendarView' from project 'MijickCalendarView')

SwiftCompile normal x86_64 /Users/Michael/Library/Developer/Xcode/DerivedData/Offshore-dzckiklseaojwietsvvieqpkcqwy/SourcePackages/checkouts/CalendarView/Sources/Internal/Data/Data.swift (in target 'MijickCalendarView' from project 'MijickCalendarView')
    cd /Users/Michael/Xcode\ iOS/Offshore/Offshore.xcodeproj
    

SwiftCompile normal x86_64 /Users/Michael/Library/Developer/Xcode/DerivedData/Offshore-dzckiklseaojwietsvvieqpkcqwy/SourcePackages/checkouts/CalendarView/Sources/Internal/Enums/MWeekday.swift (in target 'MijickCalendarView' from project 'MijickCalendarView')
    cd /Users/Michael/Xcode\ iOS/Offshore/Offshore.xcodeproj
    

SwiftCompile normal x86_64 Compiling\ Public+MCalendarView.swift,\ Public+View.swift /Users/Michael/Library/Developer/Xcode/DerivedData/Offshore-dzckiklseaojwietsvvieqpkcqwy/SourcePackages/checkouts/CalendarView/Sources/Public/Extensions/Public+MCalendarView.swift /Users/Michael/Library/Developer/Xcode/DerivedData/Offshore-dzckiklseaojwietsvvieqpkcqwy/SourcePackages/checkouts/CalendarView/Sources/Public/Extensions/Public+View.swift (in target 'MijickCalendarView' from project 'MijickCalendarView')

SwiftCompile normal x86_64 /Users/Michael/Library/Developer/Xcode/DerivedData/Offshore-dzckiklseaojwietsvvieqpkcqwy/SourcePackages/checkouts/CalendarView/Sources/Public/Extensions/Public+MCalendarView.swift (in target 'MijickCalendarView' from project 'MijickCalendarView')
    cd /Users/Michael/Xcode\ iOS/Offshore/Offshore.xcodeproj
    

SwiftCompile normal x86_64 /Users/Michael/Library/Developer/Xcode/DerivedData/Offshore-dzckiklseaojwietsvvieqpkcqwy/SourcePackages/checkouts/CalendarView/Sources/Public/Extensions/Public+View.swift (in target 'MijickCalendarView' from project 'MijickCalendarView')
    cd /Users/Michael/Xcode\ iOS/Offshore/Offshore.xcodeproj
    

SwiftCompile normal x86_64 Compiling\ MCalendarView.swift,\ MonthView.swift /Users/Michael/Library/Developer/Xcode/DerivedData/Offshore-dzckiklseaojwietsvvieqpkcqwy/SourcePackages/checkouts/CalendarView/Sources/Internal/Views/MCalendarView.swift /Users/Michael/Library/Developer/Xcode/DerivedData/Offshore-dzckiklseaojwietsvvieqpkcqwy/SourcePackages/checkouts/CalendarView/Sources/Internal/Views/MonthView.swift (in target 'MijickCalendarView' from project 'MijickCalendarView')

SwiftCompile normal x86_64 /Users/Michael/Library/Developer/Xcode/DerivedData/Offshore-dzckiklseaojwietsvvieqpkcqwy/SourcePackages/checkouts/CalendarView/Sources/Internal/Views/MCalendarView.swift (in target 'MijickCalendarView' from project 'MijickCalendarView')
    cd /Users/Michael/Xcode\ iOS/Offshore/Offshore.xcodeproj
    

SwiftCompile normal x86_64 /Users/Michael/Library/Developer/Xcode/DerivedData/Offshore-dzckiklseaojwietsvvieqpkcqwy/SourcePackages/checkouts/CalendarView/Sources/Internal/Views/MonthView.swift (in target 'MijickCalendarView' from project 'MijickCalendarView')
    cd /Users/Michael/Xcode\ iOS/Offshore/Offshore.xcodeproj
    

SwiftCompile normal x86_64 Compiling\ Public+MWeekday.swift,\ Public+WeekdaySymbolFormat.swift /Users/Michael/Library/Developer/Xcode/DerivedData/Offshore-dzckiklseaojwietsvvieqpkcqwy/SourcePackages/checkouts/CalendarView/Sources/Public/Enums/Public+MWeekday.swift /Users/Michael/Library/Developer/Xcode/DerivedData/Offshore-dzckiklseaojwietsvvieqpkcqwy/SourcePackages/checkouts/CalendarView/Sources/Public/Enums/Public+WeekdaySymbolFormat.swift (in target 'MijickCalendarView' from project 'MijickCalendarView')

SwiftCompile normal x86_64 /Users/Michael/Library/Developer/Xcode/DerivedData/Offshore-dzckiklseaojwietsvvieqpkcqwy/SourcePackages/checkouts/CalendarView/Sources/Public/Enums/Public+MWeekday.swift (in target 'MijickCalendarView' from project 'MijickCalendarView')
    cd /Users/Michael/Xcode\ iOS/Offshore/Offshore.xcodeproj
    

SwiftCompile normal x86_64 /Users/Michael/Library/Developer/Xcode/DerivedData/Offshore-dzckiklseaojwietsvvieqpkcqwy/SourcePackages/checkouts/CalendarView/Sources/Public/Enums/Public+WeekdaySymbolFormat.swift (in target 'MijickCalendarView' from project 'MijickCalendarView')
    cd /Users/Michael/Xcode\ iOS/Offshore/Offshore.xcodeproj
    

SwiftCompile normal x86_64 Compiling\ Public+MDateRange.swift,\ Public+DayView.swift /Users/Michael/Library/Developer/Xcode/DerivedData/Offshore-dzckiklseaojwietsvvieqpkcqwy/SourcePackages/checkouts/CalendarView/Sources/Public/Models/Public+MDateRange.swift /Users/Michael/Library/Developer/Xcode/DerivedData/Offshore-dzckiklseaojwietsvvieqpkcqwy/SourcePackages/checkouts/CalendarView/Sources/Public/View\ Protocols/Public+DayView.swift (in target 'MijickCalendarView' from project 'MijickCalendarView')

SwiftCompile normal x86_64 /Users/Michael/Library/Developer/Xcode/DerivedData/Offshore-dzckiklseaojwietsvvieqpkcqwy/SourcePackages/checkouts/CalendarView/Sources/Public/Models/Public+MDateRange.swift (in target 'MijickCalendarView' from project 'MijickCalendarView')
    cd /Users/Michael/Xcode\ iOS/Offshore/Offshore.xcodeproj
    

SwiftCompile normal x86_64 /Users/Michael/Library/Developer/Xcode/DerivedData/Offshore-dzckiklseaojwietsvvieqpkcqwy/SourcePackages/checkouts/CalendarView/Sources/Public/View\ Protocols/Public+DayView.swift (in target 'MijickCalendarView' from project 'MijickCalendarView')
    cd /Users/Michael/Xcode\ iOS/Offshore/Offshore.xcodeproj
    

SwiftCompile normal x86_64 Compiling\ RoundedRectangle.swift,\ Public+CalendarConfig.swift /Users/Michael/Library/Developer/Xcode/DerivedData/Offshore-dzckiklseaojwietsvvieqpkcqwy/SourcePackages/checkouts/CalendarView/Sources/Internal/Views/Others/RoundedRectangle.swift /Users/Michael/Library/Developer/Xcode/DerivedData/Offshore-dzckiklseaojwietsvvieqpkcqwy/SourcePackages/checkouts/CalendarView/Sources/Public/Configurables/Public+CalendarConfig.swift (in target 'MijickCalendarView' from project 'MijickCalendarView')

SwiftCompile normal x86_64 /Users/Michael/Library/Developer/Xcode/DerivedData/Offshore-dzckiklseaojwietsvvieqpkcqwy/SourcePackages/checkouts/CalendarView/Sources/Internal/Views/Others/RoundedRectangle.swift (in target 'MijickCalendarView' from project 'MijickCalendarView')
    cd /Users/Michael/Xcode\ iOS/Offshore/Offshore.xcodeproj
    

SwiftCompile normal x86_64 /Users/Michael/Library/Developer/Xcode/DerivedData/Offshore-dzckiklseaojwietsvvieqpkcqwy/SourcePackages/checkouts/CalendarView/Sources/Public/Configurables/Public+CalendarConfig.swift (in target 'MijickCalendarView' from project 'MijickCalendarView')
    cd /Users/Michael/Xcode\ iOS/Offshore/Offshore.xcodeproj
    

SwiftCompile normal x86_64 Compiling\ DefaultDayView.swift,\ DefaultMonthLabel.swift /Users/Michael/Library/Developer/Xcode/DerivedData/Offshore-dzckiklseaojwietsvvieqpkcqwy/SourcePackages/checkouts/CalendarView/Sources/Internal/Views/Default/DefaultDayView.swift /Users/Michael/Library/Developer/Xcode/DerivedData/Offshore-dzckiklseaojwietsvvieqpkcqwy/SourcePackages/checkouts/CalendarView/Sources/Internal/Views/Default/DefaultMonthLabel.swift (in target 'MijickCalendarView' from project 'MijickCalendarView')
SwiftCompile normal x86_64 /Users/Michael/Library/Developer/Xcode/DerivedData/Offshore-dzckiklseaojwietsvvieqpkcqwy/SourcePackages/checkouts/CalendarView/Sources/Internal/Views/Default/DefaultDayView.swift (in target 'MijickCalendarView' from project 'MijickCalendarView')
    cd /Users/Michael/Xcode\ iOS/Offshore/Offshore.xcodeproj
    

SwiftCompile normal x86_64 /Users/Michael/Library/Developer/Xcode/DerivedData/Offshore-dzckiklseaojwietsvvieqpkcqwy/SourcePackages/checkouts/CalendarView/Sources/Internal/Views/Default/DefaultMonthLabel.swift (in target 'MijickCalendarView' from project 'MijickCalendarView')
    cd /Users/Michael/Xcode\ iOS/Offshore/Offshore.xcodeproj
    

SwiftCompile normal x86_64 Compiling\ Public+WeekdaysView.swift /Users/Michael/Library/Developer/Xcode/DerivedData/Offshore-dzckiklseaojwietsvvieqpkcqwy/SourcePackages/checkouts/CalendarView/Sources/Public/View\ Protocols/Public+WeekdaysView.swift (in target 'MijickCalendarView' from project 'MijickCalendarView')

SwiftCompile normal x86_64 /Users/Michael/Library/Developer/Xcode/DerivedData/Offshore-dzckiklseaojwietsvvieqpkcqwy/SourcePackages/checkouts/CalendarView/Sources/Public/View\ Protocols/Public+WeekdaysView.swift (in target 'MijickCalendarView' from project 'MijickCalendarView')
    cd /Users/Michael/Xcode\ iOS/Offshore/Offshore.xcodeproj
    

SwiftCompile normal x86_64 Compiling\ Public+WeekdayLabel.swift /Users/Michael/Library/Developer/Xcode/DerivedData/Offshore-dzckiklseaojwietsvvieqpkcqwy/SourcePackages/checkouts/CalendarView/Sources/Public/View\ Protocols/Public+WeekdayLabel.swift (in target 'MijickCalendarView' from project 'MijickCalendarView')

SwiftCompile normal x86_64 /Users/Michael/Library/Developer/Xcode/DerivedData/Offshore-dzckiklseaojwietsvvieqpkcqwy/SourcePackages/checkouts/CalendarView/Sources/Public/View\ Protocols/Public+WeekdayLabel.swift (in target 'MijickCalendarView' from project 'MijickCalendarView')
    cd /Users/Michael/Xcode\ iOS/Offshore/Offshore.xcodeproj
    

SwiftCompile normal x86_64 Compiling\ Public+MonthLabel.swift /Users/Michael/Library/Developer/Xcode/DerivedData/Offshore-dzckiklseaojwietsvvieqpkcqwy/SourcePackages/checkouts/CalendarView/Sources/Public/View\ Protocols/Public+MonthLabel.swift (in target 'MijickCalendarView' from project 'MijickCalendarView')

SwiftCompile normal x86_64 /Users/Michael/Library/Developer/Xcode/DerivedData/Offshore-dzckiklseaojwietsvvieqpkcqwy/SourcePackages/checkouts/CalendarView/Sources/Public/View\ Protocols/Public+MonthLabel.swift (in target 'MijickCalendarView' from project 'MijickCalendarView')
    cd /Users/Michael/Xcode\ iOS/Offshore/Offshore.xcodeproj
    

SwiftEmitModule normal x86_64 Emitting\ module\ for\ MijickCalendarView (in target 'MijickCalendarView' from project 'MijickCalendarView')

EmitSwiftModule normal x86_64 (in target 'MijickCalendarView' from project 'MijickCalendarView')
    cd /Users/Michael/Xcode\ iOS/Offshore/Offshore.xcodeproj
    

SwiftCompile normal x86_64 Compiling\ DefaultWeekdayLabel.swift,\ DefaultWeekdaysView.swift /Users/Michael/Library/Developer/Xcode/DerivedData/Offshore-dzckiklseaojwietsvvieqpkcqwy/SourcePackages/checkouts/CalendarView/Sources/Internal/Views/Default/DefaultWeekdayLabel.swift /Users/Michael/Library/Developer/Xcode/DerivedData/Offshore-dzckiklseaojwietsvvieqpkcqwy/SourcePackages/checkouts/CalendarView/Sources/Internal/Views/Default/DefaultWeekdaysView.swift (in target 'MijickCalendarView' from project 'MijickCalendarView')

SwiftCompile normal x86_64 /Users/Michael/Library/Developer/Xcode/DerivedData/Offshore-dzckiklseaojwietsvvieqpkcqwy/SourcePackages/checkouts/CalendarView/Sources/Internal/Views/Default/DefaultWeekdayLabel.swift (in target 'MijickCalendarView' from project 'MijickCalendarView')
    cd /Users/Michael/Xcode\ iOS/Offshore/Offshore.xcodeproj
    

SwiftCompile normal x86_64 /Users/Michael/Library/Developer/Xcode/DerivedData/Offshore-dzckiklseaojwietsvvieqpkcqwy/SourcePackages/checkouts/CalendarView/Sources/Internal/Views/Default/DefaultWeekdaysView.swift (in target 'MijickCalendarView' from project 'MijickCalendarView')
    cd /Users/Michael/Xcode\ iOS/Offshore/Offshore.xcodeproj
    

SwiftDriverJobDiscovery normal x86_64 Emitting module for MijickCalendarView (in target 'MijickCalendarView' from project 'MijickCalendarView')

SwiftDriver\ Compilation\ Requirements MijickCalendarView normal x86_64 com.apple.xcode.tools.swift.compiler (in target 'MijickCalendarView' from project 'MijickCalendarView')
    cd /Users/Michael/Xcode\ iOS/Offshore/Offshore.xcodeproj
    builtin-Swift-Compilation-Requirements -- /Applications/Xcode.app/Contents/Developer/Toolchains/XcodeDefault.xctoolchain/usr/bin/swiftc -module-name MijickCalendarView -Onone -enforce-exclusivity\=checked @/Users/Michael/Library/Developer/Xcode/DerivedData/Offshore-dzckiklseaojwietsvvieqpkcqwy/Build/Intermediates.noindex/MijickCalendarView.build/Debug-maccatalyst/MijickCalendarView.build/Objects-normal/x86_64/MijickCalendarView.SwiftFileList -DSWIFT_PACKAGE -DDEBUG -DSWIFT_MODULE_RESOURCE_BUNDLE_UNAVAILABLE -DXcode -plugin-path /Applications/Xcode.app/Contents/Developer/Toolchains/XcodeDefault.xctoolchain/usr/lib/swift/host/plugins/testing -enable-experimental-feature DebugDescriptionMacro -sdk /Applications/Xcode.app/Contents/Developer/Platforms/MacOSX.platform/Developer/SDKs/MacOSX26.0.sdk -target x86_64-apple-ios14.0-macabi -g -module-cache-path /Users/Michael/Library/Developer/Xcode/DerivedData/ModuleCache.noindex -Xfrontend -serialize-debugging-options -profile-coverage-mapping -profile-generate -enable-testing -suppress-warnings -index-store-path /Users/Michael/Library/Developer/Xcode/DerivedData/Offshore-dzckiklseaojwietsvvieqpkcqwy/Index.noindex/DataStore -Xcc -D_LIBCPP_HARDENING_MODE\=_LIBCPP_HARDENING_MODE_DEBUG -swift-version 5 -I /Users/Michael/Library/Developer/Xcode/DerivedData/Offshore-dzckiklseaojwietsvvieqpkcqwy/Build/Products/Debug-maccatalyst -Isystem /Applications/Xcode.app/Contents/Developer/Platforms/MacOSX.platform/Developer/usr/lib -F /Users/Michael/Library/Developer/Xcode/DerivedData/Offshore-dzckiklseaojwietsvvieqpkcqwy/Build/Products/Debug-maccatalyst -Fsystem /Applications/Xcode.app/Contents/Developer/Platforms/MacOSX.platform/Developer/SDKs/MacOSX26.0.sdk/System/iOSSupport/System/Library/Frameworks -Fsystem /Applications/Xcode.app/Contents/Developer/Platforms/MacOSX.platform/Developer/SDKs/MacOSX26.0.sdk/System/iOSSupport/System/Library/SubFrameworks -F /Applications/Xcode.app/Contents/Developer/Platforms/MacOSX.platform/Developer/Library/Frameworks -c -j16 -enable-batch-mode -incremental -Xcc -ivfsstatcache -Xcc /Users/Michael/Library/Developer/Xcode/DerivedData/SDKStatCaches.noindex/macosx26.0-25A352-28806144b0707e398aac92880fa50324.sdkstatcache -output-file-map /Users/Michael/Library/Developer/Xcode/DerivedData/Offshore-dzckiklseaojwietsvvieqpkcqwy/Build/Intermediates.noindex/MijickCalendarView.build/Debug-maccatalyst/MijickCalendarView.build/Objects-normal/x86_64/MijickCalendarView-OutputFileMap.json -use-frontend-parseable-output -save-temps -no-color-diagnostics -explicit-module-build -module-cache-path /Users/Michael/Library/Developer/Xcode/DerivedData/Offshore-dzckiklseaojwietsvvieqpkcqwy/Build/Intermediates.noindex/SwiftExplicitPrecompiledModules -clang-scanner-module-cache-path /Users/Michael/Library/Developer/Xcode/DerivedData/ModuleCache.noindex -sdk-module-cache-path /Users/Michael/Library/Developer/Xcode/DerivedData/ModuleCache.noindex -serialize-diagnostics -emit-dependencies -emit-module -emit-module-path /Users/Michael/Library/Developer/Xcode/DerivedData/Offshore-dzckiklseaojwietsvvieqpkcqwy/Build/Intermediates.noindex/MijickCalendarView.build/Debug-maccatalyst/MijickCalendarView.build/Objects-normal/x86_64/MijickCalendarView.swiftmodule -validate-clang-modules-once -clang-build-session-file /Users/Michael/Library/Developer/Xcode/DerivedData/ModuleCache.noindex/Session.modulevalidation -Xcc -I/Users/Michael/Library/Developer/Xcode/DerivedData/Offshore-dzckiklseaojwietsvvieqpkcqwy/Build/Intermediates.noindex/MijickCalendarView.build/Debug-maccatalyst/MijickCalendarView.build/swift-overrides.hmap -emit-const-values -Xfrontend -const-gather-protocols-file -Xfrontend /Users/Michael/Library/Developer/Xcode/DerivedData/Offshore-dzckiklseaojwietsvvieqpkcqwy/Build/Intermediates.noindex/MijickCalendarView.build/Debug-maccatalyst/MijickCalendarView.build/Objects-normal/x86_64/MijickCalendarView_const_extract_protocols.json -Xcc -I/Users/Michael/Library/Developer/Xcode/DerivedData/Offshore-dzckiklseaojwietsvvieqpkcqwy/Build/Products/Debug-maccatalyst/include -Xcc -isystem -Xcc /Applications/Xcode.app/Contents/Developer/Platforms/MacOSX.platform/Developer/SDKs/MacOSX26.0.sdk/System/iOSSupport/usr/include -Xcc -I/Users/Michael/Library/Developer/Xcode/DerivedData/Offshore-dzckiklseaojwietsvvieqpkcqwy/Build/Intermediates.noindex/MijickCalendarView.build/Debug-maccatalyst/MijickCalendarView.build/DerivedSources-normal/x86_64 -Xcc -I/Users/Michael/Library/Developer/Xcode/DerivedData/Offshore-dzckiklseaojwietsvvieqpkcqwy/Build/Intermediates.noindex/MijickCalendarView.build/Debug-maccatalyst/MijickCalendarView.build/DerivedSources/x86_64 -Xcc -I/Users/Michael/Library/Developer/Xcode/DerivedData/Offshore-dzckiklseaojwietsvvieqpkcqwy/Build/Intermediates.noindex/MijickCalendarView.build/Debug-maccatalyst/MijickCalendarView.build/DerivedSources -Xcc -DSWIFT_PACKAGE -Xcc -DDEBUG\=1 -emit-objc-header -emit-objc-header-path /Users/Michael/Library/Developer/Xcode/DerivedData/Offshore-dzckiklseaojwietsvvieqpkcqwy/Build/Intermediates.noindex/MijickCalendarView.build/Debug-maccatalyst/MijickCalendarView.build/Objects-normal/x86_64/MijickCalendarView-Swift.h -working-directory /Users/Michael/Xcode\ iOS/Offshore/Offshore.xcodeproj -experimental-emit-module-separately -disable-cmo

SwiftDriverJobDiscovery normal x86_64 Compiling Public+MWeekday.swift, Public+WeekdaySymbolFormat.swift (in target 'MijickCalendarView' from project 'MijickCalendarView')

SwiftDriverJobDiscovery normal x86_64 Compiling Data.swift, MWeekday.swift (in target 'MijickCalendarView' from project 'MijickCalendarView')

SwiftMergeGeneratedHeaders /Users/Michael/Library/Developer/Xcode/DerivedData/Offshore-dzckiklseaojwietsvvieqpkcqwy/Build/Intermediates.noindex/GeneratedModuleMaps-maccatalyst/MijickCalendarView-Swift.h /Users/Michael/Library/Developer/Xcode/DerivedData/Offshore-dzckiklseaojwietsvvieqpkcqwy/Build/Intermediates.noindex/MijickCalendarView.build/Debug-maccatalyst/MijickCalendarView.build/Objects-normal/x86_64/MijickCalendarView-Swift.h (in target 'MijickCalendarView' from project 'MijickCalendarView')
    cd /Users/Michael/Library/Developer/Xcode/DerivedData/Offshore-dzckiklseaojwietsvvieqpkcqwy/SourcePackages/checkouts/CalendarView
    builtin-swiftHeaderTool -arch x86_64 /Users/Michael/Library/Developer/Xcode/DerivedData/Offshore-dzckiklseaojwietsvvieqpkcqwy/Build/Intermediates.noindex/MijickCalendarView.build/Debug-maccatalyst/MijickCalendarView.build/Objects-normal/x86_64/MijickCalendarView-Swift.h -o /Users/Michael/Library/Developer/Xcode/DerivedData/Offshore-dzckiklseaojwietsvvieqpkcqwy/Build/Intermediates.noindex/GeneratedModuleMaps-maccatalyst/MijickCalendarView-Swift.h

Copy /Users/Michael/Library/Developer/Xcode/DerivedData/Offshore-dzckiklseaojwietsvvieqpkcqwy/Build/Products/Debug-maccatalyst/MijickCalendarView.swiftmodule/x86_64-apple-ios-macabi.swiftmodule /Users/Michael/Library/Developer/Xcode/DerivedData/Offshore-dzckiklseaojwietsvvieqpkcqwy/Build/Intermediates.noindex/MijickCalendarView.build/Debug-maccatalyst/MijickCalendarView.build/Objects-normal/x86_64/MijickCalendarView.swiftmodule (in target 'MijickCalendarView' from project 'MijickCalendarView')
    cd /Users/Michael/Library/Developer/Xcode/DerivedData/Offshore-dzckiklseaojwietsvvieqpkcqwy/SourcePackages/checkouts/CalendarView
    builtin-copy -exclude .DS_Store -exclude CVS -exclude .svn -exclude .git -exclude .hg -resolve-src-symlinks -rename /Users/Michael/Library/Developer/Xcode/DerivedData/Offshore-dzckiklseaojwietsvvieqpkcqwy/Build/Intermediates.noindex/MijickCalendarView.build/Debug-maccatalyst/MijickCalendarView.build/Objects-normal/x86_64/MijickCalendarView.swiftmodule /Users/Michael/Library/Developer/Xcode/DerivedData/Offshore-dzckiklseaojwietsvvieqpkcqwy/Build/Products/Debug-maccatalyst/MijickCalendarView.swiftmodule/x86_64-apple-ios-macabi.swiftmodule

Copy /Users/Michael/Library/Developer/Xcode/DerivedData/Offshore-dzckiklseaojwietsvvieqpkcqwy/Build/Products/Debug-maccatalyst/MijickCalendarView.swiftmodule/x86_64-apple-ios-macabi.swiftdoc /Users/Michael/Library/Developer/Xcode/DerivedData/Offshore-dzckiklseaojwietsvvieqpkcqwy/Build/Intermediates.noindex/MijickCalendarView.build/Debug-maccatalyst/MijickCalendarView.build/Objects-normal/x86_64/MijickCalendarView.swiftdoc (in target 'MijickCalendarView' from project 'MijickCalendarView')
    cd /Users/Michael/Library/Developer/Xcode/DerivedData/Offshore-dzckiklseaojwietsvvieqpkcqwy/SourcePackages/checkouts/CalendarView
    builtin-copy -exclude .DS_Store -exclude CVS -exclude .svn -exclude .git -exclude .hg -resolve-src-symlinks -rename /Users/Michael/Library/Developer/Xcode/DerivedData/Offshore-dzckiklseaojwietsvvieqpkcqwy/Build/Intermediates.noindex/MijickCalendarView.build/Debug-maccatalyst/MijickCalendarView.build/Objects-normal/x86_64/MijickCalendarView.swiftdoc /Users/Michael/Library/Developer/Xcode/DerivedData/Offshore-dzckiklseaojwietsvvieqpkcqwy/Build/Products/Debug-maccatalyst/MijickCalendarView.swiftmodule/x86_64-apple-ios-macabi.swiftdoc

Copy /Users/Michael/Library/Developer/Xcode/DerivedData/Offshore-dzckiklseaojwietsvvieqpkcqwy/Build/Products/Debug-maccatalyst/MijickCalendarView.swiftmodule/x86_64-apple-ios-macabi.abi.json /Users/Michael/Library/Developer/Xcode/DerivedData/Offshore-dzckiklseaojwietsvvieqpkcqwy/Build/Intermediates.noindex/MijickCalendarView.build/Debug-maccatalyst/MijickCalendarView.build/Objects-normal/x86_64/MijickCalendarView.abi.json (in target 'MijickCalendarView' from project 'MijickCalendarView')
    cd /Users/Michael/Library/Developer/Xcode/DerivedData/Offshore-dzckiklseaojwietsvvieqpkcqwy/SourcePackages/checkouts/CalendarView
    builtin-copy -exclude .DS_Store -exclude CVS -exclude .svn -exclude .git -exclude .hg -resolve-src-symlinks -rename /Users/Michael/Library/Developer/Xcode/DerivedData/Offshore-dzckiklseaojwietsvvieqpkcqwy/Build/Intermediates.noindex/MijickCalendarView.build/Debug-maccatalyst/MijickCalendarView.build/Objects-normal/x86_64/MijickCalendarView.abi.json /Users/Michael/Library/Developer/Xcode/DerivedData/Offshore-dzckiklseaojwietsvvieqpkcqwy/Build/Products/Debug-maccatalyst/MijickCalendarView.swiftmodule/x86_64-apple-ios-macabi.abi.json

Copy /Users/Michael/Library/Developer/Xcode/DerivedData/Offshore-dzckiklseaojwietsvvieqpkcqwy/Build/Products/Debug-maccatalyst/MijickCalendarView.swiftmodule/Project/x86_64-apple-ios-macabi.swiftsourceinfo /Users/Michael/Library/Developer/Xcode/DerivedData/Offshore-dzckiklseaojwietsvvieqpkcqwy/Build/Intermediates.noindex/MijickCalendarView.build/Debug-maccatalyst/MijickCalendarView.build/Objects-normal/x86_64/MijickCalendarView.swiftsourceinfo (in target 'MijickCalendarView' from project 'MijickCalendarView')
    cd /Users/Michael/Library/Developer/Xcode/DerivedData/Offshore-dzckiklseaojwietsvvieqpkcqwy/SourcePackages/checkouts/CalendarView
    builtin-copy -exclude .DS_Store -exclude CVS -exclude .svn -exclude .git -exclude .hg -resolve-src-symlinks -rename /Users/Michael/Library/Developer/Xcode/DerivedData/Offshore-dzckiklseaojwietsvvieqpkcqwy/Build/Intermediates.noindex/MijickCalendarView.build/Debug-maccatalyst/MijickCalendarView.build/Objects-normal/x86_64/MijickCalendarView.swiftsourceinfo /Users/Michael/Library/Developer/Xcode/DerivedData/Offshore-dzckiklseaojwietsvvieqpkcqwy/Build/Products/Debug-maccatalyst/MijickCalendarView.swiftmodule/Project/x86_64-apple-ios-macabi.swiftsourceinfo

ProcessProductPackaging /Users/Michael/Xcode\ iOS/Offshore/OffshoreBudgeting/OffshoreBudgeting.entitlements /Users/Michael/Library/Developer/Xcode/DerivedData/Offshore-dzckiklseaojwietsvvieqpkcqwy/Build/Intermediates.noindex/Offshore.build/Debug-maccatalyst/OffshoreBudgeting.build/Offshore.app.xcent (in target 'OffshoreBudgeting' from project 'Offshore')
    cd /Users/Michael/Xcode\ iOS/Offshore
    
    Entitlements:
    
    {
    "application-identifier" = "T6DP3686XU.com.mbrown.offshore";
    "aps-environment" = development;
    "com.apple.application-identifier" = "T6DP3686XU.com.mbrown.offshore";
    "com.apple.developer.aps-environment" = development;
    "com.apple.developer.team-identifier" = T6DP3686XU;
    "com.apple.security.app-sandbox" = 1;
    "com.apple.security.files.user-selected.read-only" = 1;
    "com.apple.security.get-task-allow" = 1;
    "com.apple.security.network.client" = 1;
    "com.apple.security.network.server" = 1;
    "get-task-allow" = 1;
}
    
    builtin-productPackagingUtility /Users/Michael/Xcode\ iOS/Offshore/OffshoreBudgeting/OffshoreBudgeting.entitlements -entitlements -format xml -o /Users/Michael/Library/Developer/Xcode/DerivedData/Offshore-dzckiklseaojwietsvvieqpkcqwy/Build/Intermediates.noindex/Offshore.build/Debug-maccatalyst/OffshoreBudgeting.build/Offshore.app.xcent

ProcessProductPackaging /Users/Michael/Library/Developer/Xcode/UserData/Provisioning\ Profiles/48713819-6976-4efe-bf95-a524f5262eb8.provisionprofile /Users/Michael/Library/Developer/Xcode/DerivedData/Offshore-dzckiklseaojwietsvvieqpkcqwy/Build/Products/Debug-maccatalyst/Offshore.app/Contents/embedded.provisionprofile (in target 'OffshoreBudgeting' from project 'Offshore')
    cd /Users/Michael/Xcode\ iOS/Offshore
    builtin-productPackagingUtility /Users/Michael/Library/Developer/Xcode/UserData/Provisioning\ Profiles/48713819-6976-4efe-bf95-a524f5262eb8.provisionprofile -o /Users/Michael/Library/Developer/Xcode/DerivedData/Offshore-dzckiklseaojwietsvvieqpkcqwy/Build/Products/Debug-maccatalyst/Offshore.app/Contents/embedded.provisionprofile

ProcessProductPackagingDER /Users/Michael/Library/Developer/Xcode/DerivedData/Offshore-dzckiklseaojwietsvvieqpkcqwy/Build/Intermediates.noindex/Offshore.build/Debug-maccatalyst/OffshoreBudgeting.build/Offshore.app.xcent /Users/Michael/Library/Developer/Xcode/DerivedData/Offshore-dzckiklseaojwietsvvieqpkcqwy/Build/Intermediates.noindex/Offshore.build/Debug-maccatalyst/OffshoreBudgeting.build/Offshore.app.xcent.der (in target 'OffshoreBudgeting' from project 'Offshore')
    cd /Users/Michael/Xcode\ iOS/Offshore
    /usr/bin/derq query -f xml -i /Users/Michael/Library/Developer/Xcode/DerivedData/Offshore-dzckiklseaojwietsvvieqpkcqwy/Build/Intermediates.noindex/Offshore.build/Debug-maccatalyst/OffshoreBudgeting.build/Offshore.app.xcent -o /Users/Michael/Library/Developer/Xcode/DerivedData/Offshore-dzckiklseaojwietsvvieqpkcqwy/Build/Intermediates.noindex/Offshore.build/Debug-maccatalyst/OffshoreBudgeting.build/Offshore.app.xcent.der --raw

MkDir /Users/Michael/Library/Developer/Xcode/DerivedData/Offshore-dzckiklseaojwietsvvieqpkcqwy/Build/Intermediates.noindex/Offshore.build/Debug-maccatalyst/OffshoreBudgeting.build/assetcatalog_output/unthinned (in target 'OffshoreBudgeting' from project 'Offshore')
    cd /Users/Michael/Xcode\ iOS/Offshore
    /bin/mkdir -p /Users/Michael/Library/Developer/Xcode/DerivedData/Offshore-dzckiklseaojwietsvvieqpkcqwy/Build/Intermediates.noindex/Offshore.build/Debug-maccatalyst/OffshoreBudgeting.build/assetcatalog_output/unthinned

MkDir /Users/Michael/Library/Developer/Xcode/DerivedData/Offshore-dzckiklseaojwietsvvieqpkcqwy/Build/Intermediates.noindex/Offshore.build/Debug-maccatalyst/OffshoreBudgeting.build/assetcatalog_output/thinned (in target 'OffshoreBudgeting' from project 'Offshore')
    cd /Users/Michael/Xcode\ iOS/Offshore
    /bin/mkdir -p /Users/Michael/Library/Developer/Xcode/DerivedData/Offshore-dzckiklseaojwietsvvieqpkcqwy/Build/Intermediates.noindex/Offshore.build/Debug-maccatalyst/OffshoreBudgeting.build/assetcatalog_output/thinned

GenerateAssetSymbols /Users/Michael/Xcode\ iOS/Offshore/OffshoreBudgeting/AppIcon.icon /Users/Michael/Xcode\ iOS/Offshore/OffshoreBudgeting/Assets.xcassets (in target 'OffshoreBudgeting' from project 'Offshore')
    cd /Users/Michael/Xcode\ iOS/Offshore
    /Applications/Xcode.app/Contents/Developer/usr/bin/actool /Users/Michael/Xcode\ iOS/Offshore/OffshoreBudgeting/AppIcon.icon /Users/Michael/Xcode\ iOS/Offshore/OffshoreBudgeting/Assets.xcassets --compile /Users/Michael/Library/Developer/Xcode/DerivedData/Offshore-dzckiklseaojwietsvvieqpkcqwy/Build/Products/Debug-maccatalyst/Offshore.app/Contents/Resources --output-format human-readable-text --notices --warnings --enable-icon-stack-fallback-generation\=disabled --export-dependency-info /Users/Michael/Library/Developer/Xcode/DerivedData/Offshore-dzckiklseaojwietsvvieqpkcqwy/Build/Intermediates.noindex/Offshore.build/Debug-maccatalyst/OffshoreBudgeting.build/assetcatalog_dependencies --output-partial-info-plist /Users/Michael/Library/Developer/Xcode/DerivedData/Offshore-dzckiklseaojwietsvvieqpkcqwy/Build/Intermediates.noindex/Offshore.build/Debug-maccatalyst/OffshoreBudgeting.build/assetcatalog_generated_info.plist --app-icon AppIcon --include-all-app-icons --ui-framework-family uikit --enable-on-demand-resources NO --development-region en --target-device ipad --minimum-deployment-target 15.6 --platform macosx --bundle-identifier com.mbrown.offshore --generate-swift-asset-symbols /Users/Michael/Library/Developer/Xcode/DerivedData/Offshore-dzckiklseaojwietsvvieqpkcqwy/Build/Intermediates.noindex/Offshore.build/Debug-maccatalyst/OffshoreBudgeting.build/DerivedSources/GeneratedAssetSymbols.swift --generate-objc-asset-symbols /Users/Michael/Library/Developer/Xcode/DerivedData/Offshore-dzckiklseaojwietsvvieqpkcqwy/Build/Intermediates.noindex/Offshore.build/Debug-maccatalyst/OffshoreBudgeting.build/DerivedSources/GeneratedAssetSymbols.h --generate-asset-symbol-index /Users/Michael/Library/Developer/Xcode/DerivedData/Offshore-dzckiklseaojwietsvvieqpkcqwy/Build/Intermediates.noindex/Offshore.build/Debug-maccatalyst/OffshoreBudgeting.build/DerivedSources/GeneratedAssetSymbols-Index.plist
/* com.apple.actool.compilation-results */
/Users/Michael/Library/Developer/Xcode/DerivedData/Offshore-dzckiklseaojwietsvvieqpkcqwy/Build/Intermediates.noindex/Offshore.build/Debug-maccatalyst/OffshoreBudgeting.build/DerivedSources/GeneratedAssetSymbols-Index.plist
/Users/Michael/Library/Developer/Xcode/DerivedData/Offshore-dzckiklseaojwietsvvieqpkcqwy/Build/Intermediates.noindex/Offshore.build/Debug-maccatalyst/OffshoreBudgeting.build/DerivedSources/GeneratedAssetSymbols.h
/Users/Michael/Library/Developer/Xcode/DerivedData/Offshore-dzckiklseaojwietsvvieqpkcqwy/Build/Intermediates.noindex/Offshore.build/Debug-maccatalyst/OffshoreBudgeting.build/DerivedSources/GeneratedAssetSymbols.swift


DataModelCompile /Users/Michael/Library/Developer/Xcode/DerivedData/Offshore-dzckiklseaojwietsvvieqpkcqwy/Build/Products/Debug-maccatalyst/Offshore.app/Contents/Resources/ /Users/Michael/Xcode\ iOS/Offshore/OffshoreBudgeting/OffshoreBudgetingModel.xcdatamodeld (in target 'OffshoreBudgeting' from project 'Offshore')
    cd /Users/Michael/Xcode\ iOS/Offshore
    /Applications/Xcode.app/Contents/Developer/usr/bin/momc --sdkroot /Applications/Xcode.app/Contents/Developer/Platforms/MacOSX.platform/Developer/SDKs/MacOSX26.0.sdk --macosx-deployment-target 12.5 --module Offshore /Users/Michael/Xcode\ iOS/Offshore/OffshoreBudgeting/OffshoreBudgetingModel.xcdatamodeld /Users/Michael/Library/Developer/Xcode/DerivedData/Offshore-dzckiklseaojwietsvvieqpkcqwy/Build/Products/Debug-maccatalyst/Offshore.app/Contents/Resources/
OffshoreBudgetingModel.xcdatamodel: note: Model OffshoreBudgetingModel version checksum: PlFhKU1K5grkQ0dflM2nr+hiK4VjdxAXFqPTv3jQtwA=

DataModelCodegen /Users/Michael/Xcode\ iOS/Offshore/OffshoreBudgeting/OffshoreBudgetingModel.xcdatamodeld (in target 'OffshoreBudgeting' from project 'Offshore')
    cd /Users/Michael/Xcode\ iOS/Offshore
    /Applications/Xcode.app/Contents/Developer/usr/bin/momc --action generate --swift-version 5.0 --sdkroot /Applications/Xcode.app/Contents/Developer/Platforms/MacOSX.platform/Developer/SDKs/MacOSX26.0.sdk --macosx-deployment-target 12.5 --module Offshore /Users/Michael/Xcode\ iOS/Offshore/OffshoreBudgeting/OffshoreBudgetingModel.xcdatamodeld /Users/Michael/Library/Developer/Xcode/DerivedData/Offshore-dzckiklseaojwietsvvieqpkcqwy/Build/Intermediates.noindex/Offshore.build/Debug-maccatalyst/OffshoreBudgeting.build/DerivedSources/CoreDataGenerated/OffshoreBudgetingModel

CompileAssetCatalogVariant thinned /Users/Michael/Library/Developer/Xcode/DerivedData/Offshore-dzckiklseaojwietsvvieqpkcqwy/Build/Products/Debug-maccatalyst/Offshore.app/Contents/Resources /Users/Michael/Xcode\ iOS/Offshore/OffshoreBudgeting/AppIcon.icon /Users/Michael/Xcode\ iOS/Offshore/OffshoreBudgeting/Assets.xcassets (in target 'OffshoreBudgeting' from project 'Offshore')
    cd /Users/Michael/Xcode\ iOS/Offshore
    /Applications/Xcode.app/Contents/Developer/usr/bin/actool /Users/Michael/Xcode\ iOS/Offshore/OffshoreBudgeting/AppIcon.icon /Users/Michael/Xcode\ iOS/Offshore/OffshoreBudgeting/Assets.xcassets --compile /Users/Michael/Library/Developer/Xcode/DerivedData/Offshore-dzckiklseaojwietsvvieqpkcqwy/Build/Intermediates.noindex/Offshore.build/Debug-maccatalyst/OffshoreBudgeting.build/assetcatalog_output/thinned --output-format human-readable-text --notices --warnings --enable-icon-stack-fallback-generation\=disabled --export-dependency-info /Users/Michael/Library/Developer/Xcode/DerivedData/Offshore-dzckiklseaojwietsvvieqpkcqwy/Build/Intermediates.noindex/Offshore.build/Debug-maccatalyst/OffshoreBudgeting.build/assetcatalog_dependencies_thinned --output-partial-info-plist /Users/Michael/Library/Developer/Xcode/DerivedData/Offshore-dzckiklseaojwietsvvieqpkcqwy/Build/Intermediates.noindex/Offshore.build/Debug-maccatalyst/OffshoreBudgeting.build/assetcatalog_generated_info.plist_thinned --app-icon AppIcon --include-all-app-icons --ui-framework-family uikit --enable-on-demand-resources NO --development-region en --target-device ipad --minimum-deployment-target 15.6 --platform macosx

SwiftDriver OffshoreBudgeting normal x86_64 com.apple.xcode.tools.swift.compiler (in target 'OffshoreBudgeting' from project 'Offshore')
    cd /Users/Michael/Xcode\ iOS/Offshore
    builtin-SwiftDriver -- /Applications/Xcode.app/Contents/Developer/Toolchains/XcodeDefault.xctoolchain/usr/bin/swiftc -module-name Offshore -Onone -enforce-exclusivity\=checked @/Users/Michael/Library/Developer/Xcode/DerivedData/Offshore-dzckiklseaojwietsvvieqpkcqwy/Build/Intermediates.noindex/Offshore.build/Debug-maccatalyst/OffshoreBudgeting.build/Objects-normal/x86_64/Offshore.SwiftFileList -DDEBUG -enable-bare-slash-regex -enable-experimental-feature DebugDescriptionMacro -sdk /Applications/Xcode.app/Contents/Developer/Platforms/MacOSX.platform/Developer/SDKs/MacOSX26.0.sdk -target x86_64-apple-ios15.6-macabi -g -module-cache-path /Users/Michael/Library/Developer/Xcode/DerivedData/ModuleCache.noindex -Xfrontend -serialize-debugging-options -profile-coverage-mapping -profile-generate -enable-testing -index-store-path /Users/Michael/Library/Developer/Xcode/DerivedData/Offshore-dzckiklseaojwietsvvieqpkcqwy/Index.noindex/DataStore -Xcc -D_LIBCPP_HARDENING_MODE\=_LIBCPP_HARDENING_MODE_DEBUG -swift-version 5 -I /Users/Michael/Library/Developer/Xcode/DerivedData/Offshore-dzckiklseaojwietsvvieqpkcqwy/Build/Products/Debug-maccatalyst -F /Users/Michael/Library/Developer/Xcode/DerivedData/Offshore-dzckiklseaojwietsvvieqpkcqwy/Build/Products/Debug-maccatalyst/PackageFrameworks -F /Users/Michael/Library/Developer/Xcode/DerivedData/Offshore-dzckiklseaojwietsvvieqpkcqwy/Build/Products/Debug-maccatalyst -Fsystem /Applications/Xcode.app/Contents/Developer/Platforms/MacOSX.platform/Developer/SDKs/MacOSX26.0.sdk/System/iOSSupport/System/Library/Frameworks -Fsystem /Applications/Xcode.app/Contents/Developer/Platforms/MacOSX.platform/Developer/SDKs/MacOSX26.0.sdk/System/iOSSupport/System/Library/SubFrameworks -emit-localized-strings -emit-localized-strings-path /Users/Michael/Library/Developer/Xcode/DerivedData/Offshore-dzckiklseaojwietsvvieqpkcqwy/Build/Intermediates.noindex/Offshore.build/Debug-maccatalyst/OffshoreBudgeting.build/Objects-normal/x86_64 -c -j16 -enable-batch-mode -incremental -Xcc -ivfsstatcache -Xcc /Users/Michael/Library/Developer/Xcode/DerivedData/SDKStatCaches.noindex/macosx26.0-25A352-28806144b0707e398aac92880fa50324.sdkstatcache -output-file-map /Users/Michael/Library/Developer/Xcode/DerivedData/Offshore-dzckiklseaojwietsvvieqpkcqwy/Build/Intermediates.noindex/Offshore.build/Debug-maccatalyst/OffshoreBudgeting.build/Objects-normal/x86_64/OffshoreBudgeting-OutputFileMap.json -use-frontend-parseable-output -save-temps -no-color-diagnostics -explicit-module-build -module-cache-path /Users/Michael/Library/Developer/Xcode/DerivedData/Offshore-dzckiklseaojwietsvvieqpkcqwy/Build/Intermediates.noindex/SwiftExplicitPrecompiledModules -clang-scanner-module-cache-path /Users/Michael/Library/Developer/Xcode/DerivedData/ModuleCache.noindex -sdk-module-cache-path /Users/Michael/Library/Developer/Xcode/DerivedData/ModuleCache.noindex -serialize-diagnostics -emit-dependencies -emit-module -emit-module-path /Users/Michael/Library/Developer/Xcode/DerivedData/Offshore-dzckiklseaojwietsvvieqpkcqwy/Build/Intermediates.noindex/Offshore.build/Debug-maccatalyst/OffshoreBudgeting.build/Objects-normal/x86_64/Offshore.swiftmodule -validate-clang-modules-once -clang-build-session-file /Users/Michael/Library/Developer/Xcode/DerivedData/ModuleCache.noindex/Session.modulevalidation -Xcc -I/Users/Michael/Library/Developer/Xcode/DerivedData/Offshore-dzckiklseaojwietsvvieqpkcqwy/Build/Intermediates.noindex/Offshore.build/Debug-maccatalyst/OffshoreBudgeting.build/swift-overrides.hmap -emit-const-values -Xfrontend -const-gather-protocols-file -Xfrontend /Users/Michael/Library/Developer/Xcode/DerivedData/Offshore-dzckiklseaojwietsvvieqpkcqwy/Build/Intermediates.noindex/Offshore.build/Debug-maccatalyst/OffshoreBudgeting.build/Objects-normal/x86_64/OffshoreBudgeting_const_extract_protocols.json -Xcc -iquote -Xcc /Users/Michael/Library/Developer/Xcode/DerivedData/Offshore-dzckiklseaojwietsvvieqpkcqwy/Build/Intermediates.noindex/Offshore.build/Debug-maccatalyst/OffshoreBudgeting.build/Offshore-generated-files.hmap -Xcc -I/Users/Michael/Library/Developer/Xcode/DerivedData/Offshore-dzckiklseaojwietsvvieqpkcqwy/Build/Intermediates.noindex/Offshore.build/Debug-maccatalyst/OffshoreBudgeting.build/Offshore-own-target-headers.hmap -Xcc -I/Users/Michael/Library/Developer/Xcode/DerivedData/Offshore-dzckiklseaojwietsvvieqpkcqwy/Build/Intermediates.noindex/Offshore.build/Debug-maccatalyst/OffshoreBudgeting.build/Offshore-all-non-framework-target-headers.hmap -Xcc -ivfsoverlay -Xcc /Users/Michael/Library/Developer/Xcode/DerivedData/Offshore-dzckiklseaojwietsvvieqpkcqwy/Build/Intermediates.noindex/Offshore.build/Debug-maccatalyst/Offshore-18b78ca503141e196a11e3deb683abb3-VFS-maccatalyst/all-product-headers.yaml -Xcc -iquote -Xcc /Users/Michael/Library/Developer/Xcode/DerivedData/Offshore-dzckiklseaojwietsvvieqpkcqwy/Build/Intermediates.noindex/Offshore.build/Debug-maccatalyst/OffshoreBudgeting.build/Offshore-project-headers.hmap -Xcc -I/Users/Michael/Library/Developer/Xcode/DerivedData/Offshore-dzckiklseaojwietsvvieqpkcqwy/Build/Products/Debug-maccatalyst/include -Xcc -isystem -Xcc /Applications/Xcode.app/Contents/Developer/Platforms/MacOSX.platform/Developer/SDKs/MacOSX26.0.sdk/System/iOSSupport/usr/include -Xcc -I/Users/Michael/Library/Developer/Xcode/DerivedData/Offshore-dzckiklseaojwietsvvieqpkcqwy/Build/Intermediates.noindex/Offshore.build/Debug-maccatalyst/OffshoreBudgeting.build/DerivedSources-normal/x86_64 -Xcc -I/Users/Michael/Library/Developer/Xcode/DerivedData/Offshore-dzckiklseaojwietsvvieqpkcqwy/Build/Intermediates.noindex/Offshore.build/Debug-maccatalyst/OffshoreBudgeting.build/DerivedSources/x86_64 -Xcc -I/Users/Michael/Library/Developer/Xcode/DerivedData/Offshore-dzckiklseaojwietsvvieqpkcqwy/Build/Intermediates.noindex/Offshore.build/Debug-maccatalyst/OffshoreBudgeting.build/DerivedSources -Xcc -DDEBUG\=1 -emit-objc-header -emit-objc-header-path /Users/Michael/Library/Developer/Xcode/DerivedData/Offshore-dzckiklseaojwietsvvieqpkcqwy/Build/Intermediates.noindex/Offshore.build/Debug-maccatalyst/OffshoreBudgeting.build/Objects-normal/x86_64/Offshore-Swift.h -working-directory /Users/Michael/Xcode\ iOS/Offshore -experimental-emit-module-separately -disable-cmo
/Users/Michael/Xcode iOS/Offshore/OffshoreBudgeting/Views/BudgetDetailsView.swift:956:9: error: Expected declaration
        .onDelete { indexSet in
        ^ (in target 'OffshoreBudgeting' from project 'Offshore')
/Users/Michael/Xcode iOS/Offshore/OffshoreBudgeting/Views/BudgetDetailsView.swift:783:16: note: In declaration of 'PlannedListFR'
private struct PlannedListFR: View {
               ^ (in target 'OffshoreBudgeting' from project 'Offshore')
/Users/Michael/Xcode iOS/Offshore/OffshoreBudgeting/Views/BudgetDetailsView.swift:1005:20: error: Static methods may only be declared on a type
    private static func clamp(_ range: ClosedRange<Date>) -> (Date, Date) {
            ~~~~~~~^
             (in target 'OffshoreBudgeting' from project 'Offshore')
/Users/Michael/Xcode iOS/Offshore/OffshoreBudgeting/Views/BudgetDetailsView.swift:1013:20: error: Static methods may only be declared on a type
    private static func mediumDate(_ d: Date) -> String {
            ~~~~~~~^
             (in target 'OffshoreBudgeting' from project 'Offshore')
/Users/Michael/Xcode iOS/Offshore/OffshoreBudgeting/Views/BudgetDetailsView.swift:1044:1: error: Extraneous '}' at top level
}
^ (in target 'OffshoreBudgeting' from project 'Offshore')
/Users/Michael/Xcode iOS/Offshore/OffshoreBudgeting/Views/BudgetDetailsView.swift:1266:9: error: Expected declaration
        .onDelete { indexSet in
        ^ (in target 'OffshoreBudgeting' from project 'Offshore')
/Users/Michael/Xcode iOS/Offshore/OffshoreBudgeting/Views/BudgetDetailsView.swift:1095:16: note: In declaration of 'VariableListFR'
private struct VariableListFR: View {
               ^ (in target 'OffshoreBudgeting' from project 'Offshore')
/Users/Michael/Xcode iOS/Offshore/OffshoreBudgeting/Views/BudgetDetailsView.swift:1317:20: error: Static methods may only be declared on a type
    private static func mediumDate(_ d: Date) -> String {
            ~~~~~~~^
             (in target 'OffshoreBudgeting' from project 'Offshore')
/Users/Michael/Xcode iOS/Offshore/OffshoreBudgeting/Views/BudgetDetailsView.swift:1324:20: error: Static methods may only be declared on a type
    private static func clamp(_ range: ClosedRange<Date>) -> (Date, Date) {
            ~~~~~~~^
             (in target 'OffshoreBudgeting' from project 'Offshore')
/Users/Michael/Xcode iOS/Offshore/OffshoreBudgeting/Views/BudgetDetailsView.swift:1357:1: error: Extraneous '}' at top level
}
^ (in target 'OffshoreBudgeting' from project 'Offshore')

